2021-03-23 16:11:17,684 INFO org.springframework.boot.StartupInfoLogger [main] Starting BackendApplication using Java 15.0.1 on DESKTOP-OUG9LID with PID 20024 (C:\Users\Justin\personal-workspace\DogeAdmin\backend\backend\target\classes started by Justin in C:\Users\Justin\personal-workspace\DogeAdmin\backend\backend)
2021-03-23 16:11:17,687 INFO org.springframework.boot.SpringApplication [main] No active profile set, falling back to default profiles: default
2021-03-23 16:11:18,710 INFO org.springframework.context.support.PostProcessorRegistrationDelegate$BeanPostProcessorChecker [main] Bean 'org.springframework.security.access.expression.method.DefaultMethodSecurityExpressionHandler@6a472566' of type [org.springframework.security.access.expression.method.DefaultMethodSecurityExpressionHandler] is not eligible for getting processed by all BeanPostProcessors (for example: not eligible for auto-proxying)
2021-03-23 16:11:18,721 INFO org.springframework.context.support.PostProcessorRegistrationDelegate$BeanPostProcessorChecker [main] Bean 'methodSecurityMetadataSource' of type [org.springframework.security.access.method.DelegatingMethodSecurityMetadataSource] is not eligible for getting processed by all BeanPostProcessors (for example: not eligible for auto-proxying)
2021-03-23 16:11:18,985 INFO org.springframework.boot.web.embedded.tomcat.TomcatWebServer [main] Tomcat initialized with port(s): 8443 (https)
2021-03-23 16:11:18,995 INFO org.apache.juli.logging.DirectJDKLog [main] Initializing ProtocolHandler ["https-jsse-nio-8443"]
2021-03-23 16:11:18,995 INFO org.apache.juli.logging.DirectJDKLog [main] Starting service [Tomcat]
2021-03-23 16:11:18,995 INFO org.apache.juli.logging.DirectJDKLog [main] Starting Servlet engine: [Apache Tomcat/9.0.41]
2021-03-23 16:11:19,092 INFO org.apache.juli.logging.DirectJDKLog [main] Initializing Spring embedded WebApplicationContext
2021-03-23 16:11:19,092 INFO org.springframework.boot.web.servlet.context.ServletWebServerApplicationContext [main] Root WebApplicationContext: initialization completed in 1371 ms
2021-03-23 16:11:19,323 INFO com.dogeadmin.backend.security.FirebaseInitializer [main] Initializing Firebase App...
2021-03-23 16:11:19,545 INFO org.springframework.scheduling.concurrent.ExecutorConfigurationSupport [main] Initializing ExecutorService 'applicationTaskExecutor'
2021-03-23 16:11:20,448 INFO org.springframework.security.web.DefaultSecurityFilterChain [main] Will secure any request with [org.springframework.security.web.context.request.async.WebAsyncManagerIntegrationFilter@63e70bf9, org.springframework.security.web.context.SecurityContextPersistenceFilter@252c6cdb, org.springframework.security.web.header.HeaderWriterFilter@69a73867, org.springframework.web.filter.CorsFilter@402a69f, org.springframework.security.web.authentication.logout.LogoutFilter@393ae7a0, org.springframework.security.oauth2.server.resource.web.BearerTokenAuthenticationFilter@538aa83f, org.springframework.security.web.savedrequest.RequestCacheAwareFilter@1857fe6c, org.springframework.security.web.servletapi.SecurityContextHolderAwareRequestFilter@78bad03b, org.springframework.security.web.authentication.AnonymousAuthenticationFilter@419f0ea, org.springframework.security.web.session.SessionManagementFilter@277bc3a5, org.springframework.security.web.access.ExceptionTranslationFilter@6c70b7c3, org.springframework.security.web.access.intercept.FilterSecurityInterceptor@79d49790]
2021-03-23 16:11:20,476 INFO org.springframework.boot.actuate.endpoint.web.EndpointLinksResolver [main] Exposing 13 endpoint(s) beneath base path '/actuator'
2021-03-23 16:11:20,501 INFO org.apache.juli.logging.DirectJDKLog [main] Starting ProtocolHandler ["https-jsse-nio-8443"]
2021-03-23 16:11:20,785 INFO org.springframework.boot.web.embedded.tomcat.TomcatWebServer [main] Tomcat started on port(s): 8443 (https) with context path ''
2021-03-23 16:11:20,796 INFO org.springframework.boot.StartupInfoLogger [main] Started BackendApplication in 3.478 seconds (JVM running for 3.799)
2021-03-23 16:11:37,797 INFO org.apache.juli.logging.DirectJDKLog [https-jsse-nio-8443-exec-9] Initializing Spring DispatcherServlet 'dispatcherServlet'
2021-03-23 16:11:37,798 INFO org.springframework.web.servlet.FrameworkServlet [https-jsse-nio-8443-exec-9] Initializing Servlet 'dispatcherServlet'
2021-03-23 16:11:37,800 INFO org.springframework.web.servlet.FrameworkServlet [https-jsse-nio-8443-exec-9] Completed initialization in 2 ms
2021-03-23 16:11:38,513 INFO com.dogeadmin.backend.aspects.ControllerAspect [https-jsse-nio-8443-exec-10] <CONTROLLER LOGS>: getUserByUID Was Invoked From http://localhost:4200/ With Token Info {"name":"Justin Kroh","firstName":"Justin","lastName":"Kroh","role":"Admin","group":"Developers","iss":"https://securetoken.google.com/test-a0bf1","aud":"test-a0bf1","auth_time":1616018461,"user_id":"suErW6SwpROJaj0yoF1XloKbVM02","sub":"suErW6SwpROJaj0yoF1XloKbVM02","iat":1616528667,"exp":1616532267,"email":"justinkroh22@gmail.com","email_verified":false,"firebase":{"identities":{"email":["justinkroh22@gmail.com"]},"sign_in_provider":"password"}}
2021-03-23 16:23:04,846 INFO org.springframework.boot.StartupInfoLogger [main] Starting BackendApplication using Java 15.0.1 on DESKTOP-OUG9LID with PID 2700 (C:\Users\Justin\personal-workspace\DogeAdmin\backend\backend\target\classes started by Justin in C:\Users\Justin\personal-workspace\DogeAdmin\backend\backend)
2021-03-23 16:23:04,849 INFO org.springframework.boot.SpringApplication [main] No active profile set, falling back to default profiles: default
2021-03-23 16:23:05,777 INFO org.springframework.context.support.PostProcessorRegistrationDelegate$BeanPostProcessorChecker [main] Bean 'org.springframework.security.access.expression.method.DefaultMethodSecurityExpressionHandler@5633ed82' of type [org.springframework.security.access.expression.method.DefaultMethodSecurityExpressionHandler] is not eligible for getting processed by all BeanPostProcessors (for example: not eligible for auto-proxying)
2021-03-23 16:23:05,784 INFO org.springframework.context.support.PostProcessorRegistrationDelegate$BeanPostProcessorChecker [main] Bean 'methodSecurityMetadataSource' of type [org.springframework.security.access.method.DelegatingMethodSecurityMetadataSource] is not eligible for getting processed by all BeanPostProcessors (for example: not eligible for auto-proxying)
2021-03-23 16:23:06,037 INFO org.springframework.boot.web.embedded.tomcat.TomcatWebServer [main] Tomcat initialized with port(s): 8443 (https)
2021-03-23 16:23:06,047 INFO org.apache.juli.logging.DirectJDKLog [main] Initializing ProtocolHandler ["https-jsse-nio-8443"]
2021-03-23 16:23:06,047 INFO org.apache.juli.logging.DirectJDKLog [main] Starting service [Tomcat]
2021-03-23 16:23:06,047 INFO org.apache.juli.logging.DirectJDKLog [main] Starting Servlet engine: [Apache Tomcat/9.0.41]
2021-03-23 16:23:06,136 INFO org.apache.juli.logging.DirectJDKLog [main] Initializing Spring embedded WebApplicationContext
2021-03-23 16:23:06,137 INFO org.springframework.boot.web.servlet.context.ServletWebServerApplicationContext [main] Root WebApplicationContext: initialization completed in 1250 ms
2021-03-23 16:23:06,376 INFO com.dogeadmin.backend.security.FirebaseInitializer [main] Initializing Firebase App...
2021-03-23 16:23:06,575 INFO org.springframework.scheduling.concurrent.ExecutorConfigurationSupport [main] Initializing ExecutorService 'applicationTaskExecutor'
2021-03-23 16:23:07,355 INFO org.springframework.security.web.DefaultSecurityFilterChain [main] Will secure any request with [org.springframework.security.web.context.request.async.WebAsyncManagerIntegrationFilter@38929da, org.springframework.security.web.context.SecurityContextPersistenceFilter@52f43225, org.springframework.security.web.header.HeaderWriterFilter@18bb1b88, org.springframework.web.filter.CorsFilter@69d667a5, org.springframework.security.web.authentication.logout.LogoutFilter@2d4e99de, org.springframework.security.oauth2.server.resource.web.BearerTokenAuthenticationFilter@1e6d30c0, org.springframework.security.web.savedrequest.RequestCacheAwareFilter@f9a5e3f, org.springframework.security.web.servletapi.SecurityContextHolderAwareRequestFilter@1008df1e, org.springframework.security.web.authentication.AnonymousAuthenticationFilter@7fe87c0e, org.springframework.security.web.session.SessionManagementFilter@67b8d45, org.springframework.security.web.access.ExceptionTranslationFilter@100eeedc, org.springframework.security.web.access.intercept.FilterSecurityInterceptor@5529522f]
2021-03-23 16:23:07,375 INFO org.springframework.boot.actuate.endpoint.web.EndpointLinksResolver [main] Exposing 13 endpoint(s) beneath base path '/actuator'
2021-03-23 16:23:07,399 INFO org.apache.juli.logging.DirectJDKLog [main] Starting ProtocolHandler ["https-jsse-nio-8443"]
2021-03-23 16:23:07,693 INFO org.springframework.boot.web.embedded.tomcat.TomcatWebServer [main] Tomcat started on port(s): 8443 (https) with context path ''
2021-03-23 16:23:07,704 INFO org.springframework.boot.StartupInfoLogger [main] Started BackendApplication in 3.191 seconds (JVM running for 3.54)
2021-03-23 16:25:25,331 INFO org.apache.juli.logging.DirectJDKLog [https-jsse-nio-8443-exec-9] Initializing Spring DispatcherServlet 'dispatcherServlet'
2021-03-23 16:25:25,332 INFO org.springframework.web.servlet.FrameworkServlet [https-jsse-nio-8443-exec-9] Initializing Servlet 'dispatcherServlet'
2021-03-23 16:25:25,334 INFO org.springframework.web.servlet.FrameworkServlet [https-jsse-nio-8443-exec-9] Completed initialization in 2 ms
2021-03-23 16:25:25,930 INFO com.dogeadmin.backend.aspects.ControllerAspect [https-jsse-nio-8443-exec-10] <CONTROLLER LOGS>: getUserByUID Was Invoked From http://localhost:4200/ With Token Info {"name":"Justin Kroh","firstName":"Justin","lastName":"Kroh","role":"Admin","group":"Developers","iss":"https://securetoken.google.com/test-a0bf1","aud":"test-a0bf1","auth_time":1616018461,"user_id":"suErW6SwpROJaj0yoF1XloKbVM02","sub":"suErW6SwpROJaj0yoF1XloKbVM02","iat":1616528667,"exp":1616532267,"email":"justinkroh22@gmail.com","email_verified":false,"firebase":{"identities":{"email":["justinkroh22@gmail.com"]},"sign_in_provider":"password"}}
2021-03-23 16:53:58,308 INFO org.springframework.boot.StartupInfoLogger [main] Starting BackendApplication using Java 15.0.1 on DESKTOP-OUG9LID with PID 17284 (C:\Users\Justin\personal-workspace\DogeAdmin\backend\backend\target\classes started by Justin in C:\Users\Justin\personal-workspace\DogeAdmin\backend\backend)
2021-03-23 16:53:58,310 INFO org.springframework.boot.SpringApplication [main] No active profile set, falling back to default profiles: default
2021-03-23 16:53:59,174 INFO org.springframework.context.support.PostProcessorRegistrationDelegate$BeanPostProcessorChecker [main] Bean 'org.springframework.security.access.expression.method.DefaultMethodSecurityExpressionHandler@b606cb6' of type [org.springframework.security.access.expression.method.DefaultMethodSecurityExpressionHandler] is not eligible for getting processed by all BeanPostProcessors (for example: not eligible for auto-proxying)
2021-03-23 16:53:59,182 INFO org.springframework.context.support.PostProcessorRegistrationDelegate$BeanPostProcessorChecker [main] Bean 'methodSecurityMetadataSource' of type [org.springframework.security.access.method.DelegatingMethodSecurityMetadataSource] is not eligible for getting processed by all BeanPostProcessors (for example: not eligible for auto-proxying)
2021-03-23 16:53:59,426 INFO org.springframework.boot.web.embedded.tomcat.TomcatWebServer [main] Tomcat initialized with port(s): 8443 (https)
2021-03-23 16:53:59,435 INFO org.apache.juli.logging.DirectJDKLog [main] Initializing ProtocolHandler ["https-jsse-nio-8443"]
2021-03-23 16:53:59,436 INFO org.apache.juli.logging.DirectJDKLog [main] Starting service [Tomcat]
2021-03-23 16:53:59,436 INFO org.apache.juli.logging.DirectJDKLog [main] Starting Servlet engine: [Apache Tomcat/9.0.41]
2021-03-23 16:53:59,534 INFO org.apache.juli.logging.DirectJDKLog [main] Initializing Spring embedded WebApplicationContext
2021-03-23 16:53:59,534 INFO org.springframework.boot.web.servlet.context.ServletWebServerApplicationContext [main] Root WebApplicationContext: initialization completed in 1188 ms
2021-03-23 16:53:59,786 INFO com.dogeadmin.backend.security.FirebaseInitializer [main] Initializing Firebase App...
2021-03-23 16:53:59,979 INFO org.springframework.scheduling.concurrent.ExecutorConfigurationSupport [main] Initializing ExecutorService 'applicationTaskExecutor'
2021-03-23 16:54:00,789 INFO org.springframework.security.web.DefaultSecurityFilterChain [main] Will secure any request with [org.springframework.security.web.context.request.async.WebAsyncManagerIntegrationFilter@3982206a, org.springframework.security.web.context.SecurityContextPersistenceFilter@7e1d8d41, org.springframework.security.web.header.HeaderWriterFilter@311a0b3e, org.springframework.web.filter.CorsFilter@3e9fb485, org.springframework.security.web.authentication.logout.LogoutFilter@67b8d45, org.springframework.security.oauth2.server.resource.web.BearerTokenAuthenticationFilter@2ffb0d10, org.springframework.security.web.savedrequest.RequestCacheAwareFilter@750e2d33, org.springframework.security.web.servletapi.SecurityContextHolderAwareRequestFilter@61c87f1b, org.springframework.security.web.authentication.AnonymousAuthenticationFilter@4f3fec43, org.springframework.security.web.session.SessionManagementFilter@d76099a, org.springframework.security.web.access.ExceptionTranslationFilter@794cb26b, org.springframework.security.web.access.intercept.FilterSecurityInterceptor@191e654]
2021-03-23 16:54:00,808 INFO org.springframework.boot.actuate.endpoint.web.EndpointLinksResolver [main] Exposing 13 endpoint(s) beneath base path '/actuator'
2021-03-23 16:54:00,832 INFO org.apache.juli.logging.DirectJDKLog [main] Starting ProtocolHandler ["https-jsse-nio-8443"]
2021-03-23 16:54:01,126 INFO org.springframework.boot.web.embedded.tomcat.TomcatWebServer [main] Tomcat started on port(s): 8443 (https) with context path ''
2021-03-23 16:54:01,137 INFO org.springframework.boot.StartupInfoLogger [main] Started BackendApplication in 3.151 seconds (JVM running for 3.462)
2021-03-23 16:54:47,445 INFO org.apache.juli.logging.DirectJDKLog [https-jsse-nio-8443-exec-6] Initializing Spring DispatcherServlet 'dispatcherServlet'
2021-03-23 16:54:47,445 INFO org.springframework.web.servlet.FrameworkServlet [https-jsse-nio-8443-exec-6] Initializing Servlet 'dispatcherServlet'
2021-03-23 16:54:47,446 INFO org.springframework.web.servlet.FrameworkServlet [https-jsse-nio-8443-exec-6] Completed initialization in 1 ms
2021-03-23 16:54:59,644 INFO com.dogeadmin.backend.aspects.ControllerAspect [https-jsse-nio-8443-exec-8] <CONTROLLER LOGS>: getUserByUID Was Invoked From http://localhost:4200/ With Token Info {"name":"Justin Kroh","firstName":"Justin","lastName":"Kroh","role":"Admin","group":"Developers","iss":"https://securetoken.google.com/test-a0bf1","aud":"test-a0bf1","auth_time":1616018461,"user_id":"suErW6SwpROJaj0yoF1XloKbVM02","sub":"suErW6SwpROJaj0yoF1XloKbVM02","iat":1616532900,"exp":1616536500,"email":"justinkroh22@gmail.com","email_verified":false,"firebase":{"identities":{"email":["justinkroh22@gmail.com"]},"sign_in_provider":"password"}}
2021-03-23 16:54:59,707 INFO com.dogeadmin.backend.aspects.ControllerAspect [https-jsse-nio-8443-exec-3] <CONTROLLER LOGS>: getAllUsers Was Invoked From http://localhost:4200/ With Token Info {"name":"Justin Kroh","firstName":"Justin","lastName":"Kroh","role":"Admin","group":"Developers","iss":"https://securetoken.google.com/test-a0bf1","aud":"test-a0bf1","auth_time":1616018461,"user_id":"suErW6SwpROJaj0yoF1XloKbVM02","sub":"suErW6SwpROJaj0yoF1XloKbVM02","iat":1616532900,"exp":1616536500,"email":"justinkroh22@gmail.com","email_verified":false,"firebase":{"identities":{"email":["justinkroh22@gmail.com"]},"sign_in_provider":"password"}}
2021-03-23 16:54:59,894 INFO com.dogeadmin.backend.aspects.ControllerAspect [https-jsse-nio-8443-exec-6] <CONTROLLER LOGS>: getAllUsers Was Invoked From http://localhost:4200/ With Token Info {"name":"Justin Kroh","firstName":"Justin","lastName":"Kroh","role":"Admin","group":"Developers","iss":"https://securetoken.google.com/test-a0bf1","aud":"test-a0bf1","auth_time":1616018461,"user_id":"suErW6SwpROJaj0yoF1XloKbVM02","sub":"suErW6SwpROJaj0yoF1XloKbVM02","iat":1616532900,"exp":1616536500,"email":"justinkroh22@gmail.com","email_verified":false,"firebase":{"identities":{"email":["justinkroh22@gmail.com"]},"sign_in_provider":"password"}}
2021-03-23 16:55:07,663 INFO com.dogeadmin.backend.aspects.ControllerAspect [https-jsse-nio-8443-exec-10] <CONTROLLER LOGS>: resetPassword Was Invoked From http://localhost:4200/ With Token Info {"name":"Justin Kroh","firstName":"Justin","lastName":"Kroh","role":"Admin","group":"Developers","iss":"https://securetoken.google.com/test-a0bf1","aud":"test-a0bf1","auth_time":1616018461,"user_id":"suErW6SwpROJaj0yoF1XloKbVM02","sub":"suErW6SwpROJaj0yoF1XloKbVM02","iat":1616532900,"exp":1616536500,"email":"justinkroh22@gmail.com","email_verified":false,"firebase":{"identities":{"email":["justinkroh22@gmail.com"]},"sign_in_provider":"password"}}
2021-03-23 16:55:12,570 INFO com.dogeadmin.backend.aspects.ControllerAspect [https-jsse-nio-8443-exec-1] <CONTROLLER LOGS>: getUserByUID Was Invoked From http://localhost:4200/ With Token Info {"name":"Justin Kroh","firstName":"Justin","lastName":"Kroh","role":"Admin","group":"Developers","iss":"https://securetoken.google.com/test-a0bf1","aud":"test-a0bf1","auth_time":1616018461,"user_id":"suErW6SwpROJaj0yoF1XloKbVM02","sub":"suErW6SwpROJaj0yoF1XloKbVM02","iat":1616532900,"exp":1616536500,"email":"justinkroh22@gmail.com","email_verified":false,"firebase":{"identities":{"email":["justinkroh22@gmail.com"]},"sign_in_provider":"password"}}
2021-03-23 16:58:17,162 INFO com.dogeadmin.backend.aspects.ControllerAspect [https-jsse-nio-8443-exec-3] <CONTROLLER LOGS>: getUserByUID Was Invoked From http://localhost:4200/ With Token Info {"name":"Justin Kroh","firstName":"Justin","lastName":"Kroh","role":"Admin","group":"Developers","iss":"https://securetoken.google.com/test-a0bf1","aud":"test-a0bf1","auth_time":1616018461,"user_id":"suErW6SwpROJaj0yoF1XloKbVM02","sub":"suErW6SwpROJaj0yoF1XloKbVM02","iat":1616532900,"exp":1616536500,"email":"justinkroh22@gmail.com","email_verified":false,"firebase":{"identities":{"email":["justinkroh22@gmail.com"]},"sign_in_provider":"password"}}
2021-03-23 16:58:32,385 ERROR org.apache.juli.logging.DirectJDKLog [https-jsse-nio-8443-exec-4] Servlet.service() for servlet [dispatcherServlet] in context with path [] threw exception [Request processing failed; nested exception is java.lang.NullPointerException: Cannot invoke "String.split(String)" because "bearerToken" is null] with root cause
java.lang.NullPointerException: Cannot invoke "String.split(String)" because "bearerToken" is null
	at com.dogeadmin.backend.security.TokenConverter.stripBearer(TokenConverter.java:7)
	at com.dogeadmin.backend.aspects.ControllerAspect.logAfter(ControllerAspect.java:39)
	at java.base/jdk.internal.reflect.NativeMethodAccessorImpl.invoke0(Native Method)
	at java.base/jdk.internal.reflect.NativeMethodAccessorImpl.invoke(NativeMethodAccessorImpl.java:64)
	at java.base/jdk.internal.reflect.DelegatingMethodAccessorImpl.invoke(DelegatingMethodAccessorImpl.java:43)
	at java.base/java.lang.reflect.Method.invoke(Method.java:564)
	at org.springframework.aop.aspectj.AbstractAspectJAdvice.invokeAdviceMethodWithGivenArgs(AbstractAspectJAdvice.java:634)
	at org.springframework.aop.aspectj.AbstractAspectJAdvice.invokeAdviceMethod(AbstractAspectJAdvice.java:617)
	at org.springframework.aop.aspectj.AspectJAfterAdvice.invoke(AspectJAfterAdvice.java:52)
	at org.springframework.aop.framework.ReflectiveMethodInvocation.proceed(ReflectiveMethodInvocation.java:186)
	at org.springframework.aop.framework.CglibAopProxy$CglibMethodInvocation.proceed(CglibAopProxy.java:749)
	at org.springframework.security.access.intercept.aopalliance.MethodSecurityInterceptor.invoke(MethodSecurityInterceptor.java:61)
	at org.springframework.aop.framework.ReflectiveMethodInvocation.proceed(ReflectiveMethodInvocation.java:186)
	at org.springframework.aop.framework.CglibAopProxy$CglibMethodInvocation.proceed(CglibAopProxy.java:749)
	at org.springframework.aop.interceptor.ExposeInvocationInterceptor.invoke(ExposeInvocationInterceptor.java:97)
	at org.springframework.aop.framework.ReflectiveMethodInvocation.proceed(ReflectiveMethodInvocation.java:186)
	at org.springframework.aop.framework.CglibAopProxy$CglibMethodInvocation.proceed(CglibAopProxy.java:749)
	at org.springframework.aop.framework.CglibAopProxy$DynamicAdvisedInterceptor.intercept(CglibAopProxy.java:691)
	at com.dogeadmin.backend.controller.UserController$$EnhancerBySpringCGLIB$$ce97a0dc.getUserLogs(<generated>)
	at java.base/jdk.internal.reflect.NativeMethodAccessorImpl.invoke0(Native Method)
	at java.base/jdk.internal.reflect.NativeMethodAccessorImpl.invoke(NativeMethodAccessorImpl.java:64)
	at java.base/jdk.internal.reflect.DelegatingMethodAccessorImpl.invoke(DelegatingMethodAccessorImpl.java:43)
	at java.base/java.lang.reflect.Method.invoke(Method.java:564)
	at org.springframework.web.method.support.InvocableHandlerMethod.doInvoke(InvocableHandlerMethod.java:197)
	at org.springframework.web.method.support.InvocableHandlerMethod.invokeForRequest(InvocableHandlerMethod.java:141)
	at org.springframework.web.servlet.mvc.method.annotation.ServletInvocableHandlerMethod.invokeAndHandle(ServletInvocableHandlerMethod.java:106)
	at org.springframework.web.servlet.mvc.method.annotation.RequestMappingHandlerAdapter.invokeHandlerMethod(RequestMappingHandlerAdapter.java:894)
	at org.springframework.web.servlet.mvc.method.annotation.RequestMappingHandlerAdapter.handleInternal(RequestMappingHandlerAdapter.java:808)
	at org.springframework.web.servlet.mvc.method.AbstractHandlerMethodAdapter.handle(AbstractHandlerMethodAdapter.java:87)
	at org.springframework.web.servlet.DispatcherServlet.doDispatch(DispatcherServlet.java:1061)
	at org.springframework.web.servlet.DispatcherServlet.doService(DispatcherServlet.java:961)
	at org.springframework.web.servlet.FrameworkServlet.processRequest(FrameworkServlet.java:1006)
	at org.springframework.web.servlet.FrameworkServlet.doGet(FrameworkServlet.java:898)
	at javax.servlet.http.HttpServlet.service(HttpServlet.java:626)
	at org.springframework.web.servlet.FrameworkServlet.service(FrameworkServlet.java:883)
	at javax.servlet.http.HttpServlet.service(HttpServlet.java:733)
	at org.apache.catalina.core.ApplicationFilterChain.internalDoFilter(ApplicationFilterChain.java:231)
	at org.apache.catalina.core.ApplicationFilterChain.doFilter(ApplicationFilterChain.java:166)
	at org.apache.tomcat.websocket.server.WsFilter.doFilter(WsFilter.java:53)
	at org.apache.catalina.core.ApplicationFilterChain.internalDoFilter(ApplicationFilterChain.java:193)
	at org.apache.catalina.core.ApplicationFilterChain.doFilter(ApplicationFilterChain.java:166)
	at org.springframework.security.web.FilterChainProxy$VirtualFilterChain.doFilter(FilterChainProxy.java:327)
	at org.springframework.security.web.access.intercept.FilterSecurityInterceptor.invoke(FilterSecurityInterceptor.java:115)
	at org.springframework.security.web.access.intercept.FilterSecurityInterceptor.doFilter(FilterSecurityInterceptor.java:81)
	at org.springframework.security.web.FilterChainProxy$VirtualFilterChain.doFilter(FilterChainProxy.java:336)
	at org.springframework.security.web.access.ExceptionTranslationFilter.doFilter(ExceptionTranslationFilter.java:119)
	at org.springframework.security.web.access.ExceptionTranslationFilter.doFilter(ExceptionTranslationFilter.java:113)
	at org.springframework.security.web.FilterChainProxy$VirtualFilterChain.doFilter(FilterChainProxy.java:336)
	at org.springframework.security.web.session.SessionManagementFilter.doFilter(SessionManagementFilter.java:126)
	at org.springframework.security.web.session.SessionManagementFilter.doFilter(SessionManagementFilter.java:81)
	at org.springframework.security.web.FilterChainProxy$VirtualFilterChain.doFilter(FilterChainProxy.java:336)
	at org.springframework.security.web.authentication.AnonymousAuthenticationFilter.doFilter(AnonymousAuthenticationFilter.java:105)
	at org.springframework.security.web.FilterChainProxy$VirtualFilterChain.doFilter(FilterChainProxy.java:336)
	at org.springframework.security.web.servletapi.SecurityContextHolderAwareRequestFilter.doFilter(SecurityContextHolderAwareRequestFilter.java:149)
	at org.springframework.security.web.FilterChainProxy$VirtualFilterChain.doFilter(FilterChainProxy.java:336)
	at org.springframework.security.web.savedrequest.RequestCacheAwareFilter.doFilter(RequestCacheAwareFilter.java:63)
	at org.springframework.security.web.FilterChainProxy$VirtualFilterChain.doFilter(FilterChainProxy.java:336)
	at org.springframework.security.oauth2.server.resource.web.BearerTokenAuthenticationFilter.doFilterInternal(BearerTokenAuthenticationFilter.java:129)
	at org.springframework.web.filter.OncePerRequestFilter.doFilter(OncePerRequestFilter.java:119)
	at org.springframework.security.web.FilterChainProxy$VirtualFilterChain.doFilter(FilterChainProxy.java:336)
	at org.springframework.security.web.authentication.logout.LogoutFilter.doFilter(LogoutFilter.java:103)
	at org.springframework.security.web.authentication.logout.LogoutFilter.doFilter(LogoutFilter.java:89)
	at org.springframework.security.web.FilterChainProxy$VirtualFilterChain.doFilter(FilterChainProxy.java:336)
	at org.springframework.web.filter.CorsFilter.doFilterInternal(CorsFilter.java:91)
	at org.springframework.web.filter.OncePerRequestFilter.doFilter(OncePerRequestFilter.java:119)
	at org.springframework.security.web.FilterChainProxy$VirtualFilterChain.doFilter(FilterChainProxy.java:336)
	at org.springframework.security.web.header.HeaderWriterFilter.doHeadersAfter(HeaderWriterFilter.java:90)
	at org.springframework.security.web.header.HeaderWriterFilter.doFilterInternal(HeaderWriterFilter.java:75)
	at org.springframework.web.filter.OncePerRequestFilter.doFilter(OncePerRequestFilter.java:119)
	at org.springframework.security.web.FilterChainProxy$VirtualFilterChain.doFilter(FilterChainProxy.java:336)
	at org.springframework.security.web.context.SecurityContextPersistenceFilter.doFilter(SecurityContextPersistenceFilter.java:110)
	at org.springframework.security.web.context.SecurityContextPersistenceFilter.doFilter(SecurityContextPersistenceFilter.java:80)
	at org.springframework.security.web.FilterChainProxy$VirtualFilterChain.doFilter(FilterChainProxy.java:336)
	at org.springframework.security.web.context.request.async.WebAsyncManagerIntegrationFilter.doFilterInternal(WebAsyncManagerIntegrationFilter.java:55)
	at org.springframework.web.filter.OncePerRequestFilter.doFilter(OncePerRequestFilter.java:119)
	at org.springframework.security.web.FilterChainProxy$VirtualFilterChain.doFilter(FilterChainProxy.java:336)
	at org.springframework.security.web.FilterChainProxy.doFilterInternal(FilterChainProxy.java:211)
	at org.springframework.security.web.FilterChainProxy.doFilter(FilterChainProxy.java:183)
	at org.springframework.web.filter.DelegatingFilterProxy.invokeDelegate(DelegatingFilterProxy.java:358)
	at org.springframework.web.filter.DelegatingFilterProxy.doFilter(DelegatingFilterProxy.java:271)
	at org.apache.catalina.core.ApplicationFilterChain.internalDoFilter(ApplicationFilterChain.java:193)
	at org.apache.catalina.core.ApplicationFilterChain.doFilter(ApplicationFilterChain.java:166)
	at org.springframework.web.filter.RequestContextFilter.doFilterInternal(RequestContextFilter.java:100)
	at org.springframework.web.filter.OncePerRequestFilter.doFilter(OncePerRequestFilter.java:119)
	at org.apache.catalina.core.ApplicationFilterChain.internalDoFilter(ApplicationFilterChain.java:193)
	at org.apache.catalina.core.ApplicationFilterChain.doFilter(ApplicationFilterChain.java:166)
	at org.springframework.web.filter.FormContentFilter.doFilterInternal(FormContentFilter.java:93)
	at org.springframework.web.filter.OncePerRequestFilter.doFilter(OncePerRequestFilter.java:119)
	at org.apache.catalina.core.ApplicationFilterChain.internalDoFilter(ApplicationFilterChain.java:193)
	at org.apache.catalina.core.ApplicationFilterChain.doFilter(ApplicationFilterChain.java:166)
	at org.springframework.boot.actuate.metrics.web.servlet.WebMvcMetricsFilter.doFilterInternal(WebMvcMetricsFilter.java:93)
	at org.springframework.web.filter.OncePerRequestFilter.doFilter(OncePerRequestFilter.java:119)
	at org.apache.catalina.core.ApplicationFilterChain.internalDoFilter(ApplicationFilterChain.java:193)
	at org.apache.catalina.core.ApplicationFilterChain.doFilter(ApplicationFilterChain.java:166)
	at org.springframework.web.filter.CharacterEncodingFilter.doFilterInternal(CharacterEncodingFilter.java:201)
	at org.springframework.web.filter.OncePerRequestFilter.doFilter(OncePerRequestFilter.java:119)
	at org.apache.catalina.core.ApplicationFilterChain.internalDoFilter(ApplicationFilterChain.java:193)
	at org.apache.catalina.core.ApplicationFilterChain.doFilter(ApplicationFilterChain.java:166)
	at org.apache.catalina.core.StandardWrapperValve.invoke(StandardWrapperValve.java:202)
	at org.apache.catalina.core.StandardContextValve.invoke(StandardContextValve.java:97)
	at org.apache.catalina.authenticator.AuthenticatorBase.invoke(AuthenticatorBase.java:542)
	at org.apache.catalina.core.StandardHostValve.invoke(StandardHostValve.java:143)
	at org.apache.catalina.valves.ErrorReportValve.invoke(ErrorReportValve.java:92)
	at org.apache.catalina.core.StandardEngineValve.invoke(StandardEngineValve.java:78)
	at org.apache.catalina.connector.CoyoteAdapter.service(CoyoteAdapter.java:343)
	at org.apache.coyote.http11.Http11Processor.service(Http11Processor.java:374)
	at org.apache.coyote.AbstractProcessorLight.process(AbstractProcessorLight.java:65)
	at org.apache.coyote.AbstractProtocol$ConnectionHandler.process(AbstractProtocol.java:888)
	at org.apache.tomcat.util.net.NioEndpoint$SocketProcessor.doRun(NioEndpoint.java:1597)
	at org.apache.tomcat.util.net.SocketProcessorBase.run(SocketProcessorBase.java:49)
	at java.base/java.util.concurrent.ThreadPoolExecutor.runWorker(ThreadPoolExecutor.java:1130)
	at java.base/java.util.concurrent.ThreadPoolExecutor$Worker.run(ThreadPoolExecutor.java:630)
	at org.apache.tomcat.util.threads.TaskThread$WrappingRunnable.run(TaskThread.java:61)
	at java.base/java.lang.Thread.run(Thread.java:832)
2021-03-23 16:59:10,642 ERROR org.apache.juli.logging.DirectJDKLog [https-jsse-nio-8443-exec-9] Servlet.service() for servlet [dispatcherServlet] in context with path [] threw exception [Request processing failed; nested exception is java.lang.ArrayIndexOutOfBoundsException: Index 1 out of bounds for length 1] with root cause
java.lang.ArrayIndexOutOfBoundsException: Index 1 out of bounds for length 1
	at com.dogeadmin.backend.security.TokenConverter.stripBearer(TokenConverter.java:9)
	at com.dogeadmin.backend.aspects.ControllerAspect.logAfter(ControllerAspect.java:39)
	at java.base/jdk.internal.reflect.NativeMethodAccessorImpl.invoke0(Native Method)
	at java.base/jdk.internal.reflect.NativeMethodAccessorImpl.invoke(NativeMethodAccessorImpl.java:64)
	at java.base/jdk.internal.reflect.DelegatingMethodAccessorImpl.invoke(DelegatingMethodAccessorImpl.java:43)
	at java.base/java.lang.reflect.Method.invoke(Method.java:564)
	at org.springframework.aop.aspectj.AbstractAspectJAdvice.invokeAdviceMethodWithGivenArgs(AbstractAspectJAdvice.java:634)
	at org.springframework.aop.aspectj.AbstractAspectJAdvice.invokeAdviceMethod(AbstractAspectJAdvice.java:617)
	at org.springframework.aop.aspectj.AspectJAfterAdvice.invoke(AspectJAfterAdvice.java:52)
	at org.springframework.aop.framework.ReflectiveMethodInvocation.proceed(ReflectiveMethodInvocation.java:186)
	at org.springframework.aop.framework.CglibAopProxy$CglibMethodInvocation.proceed(CglibAopProxy.java:749)
	at org.springframework.security.access.intercept.aopalliance.MethodSecurityInterceptor.invoke(MethodSecurityInterceptor.java:61)
	at org.springframework.aop.framework.ReflectiveMethodInvocation.proceed(ReflectiveMethodInvocation.java:186)
	at org.springframework.aop.framework.CglibAopProxy$CglibMethodInvocation.proceed(CglibAopProxy.java:749)
	at org.springframework.aop.interceptor.ExposeInvocationInterceptor.invoke(ExposeInvocationInterceptor.java:97)
	at org.springframework.aop.framework.ReflectiveMethodInvocation.proceed(ReflectiveMethodInvocation.java:186)
	at org.springframework.aop.framework.CglibAopProxy$CglibMethodInvocation.proceed(CglibAopProxy.java:749)
	at org.springframework.aop.framework.CglibAopProxy$DynamicAdvisedInterceptor.intercept(CglibAopProxy.java:691)
	at com.dogeadmin.backend.controller.UserController$$EnhancerBySpringCGLIB$$ce97a0dc.getUserLogs(<generated>)
	at java.base/jdk.internal.reflect.NativeMethodAccessorImpl.invoke0(Native Method)
	at java.base/jdk.internal.reflect.NativeMethodAccessorImpl.invoke(NativeMethodAccessorImpl.java:64)
	at java.base/jdk.internal.reflect.DelegatingMethodAccessorImpl.invoke(DelegatingMethodAccessorImpl.java:43)
	at java.base/java.lang.reflect.Method.invoke(Method.java:564)
	at org.springframework.web.method.support.InvocableHandlerMethod.doInvoke(InvocableHandlerMethod.java:197)
	at org.springframework.web.method.support.InvocableHandlerMethod.invokeForRequest(InvocableHandlerMethod.java:141)
	at org.springframework.web.servlet.mvc.method.annotation.ServletInvocableHandlerMethod.invokeAndHandle(ServletInvocableHandlerMethod.java:106)
	at org.springframework.web.servlet.mvc.method.annotation.RequestMappingHandlerAdapter.invokeHandlerMethod(RequestMappingHandlerAdapter.java:894)
	at org.springframework.web.servlet.mvc.method.annotation.RequestMappingHandlerAdapter.handleInternal(RequestMappingHandlerAdapter.java:808)
	at org.springframework.web.servlet.mvc.method.AbstractHandlerMethodAdapter.handle(AbstractHandlerMethodAdapter.java:87)
	at org.springframework.web.servlet.DispatcherServlet.doDispatch(DispatcherServlet.java:1061)
	at org.springframework.web.servlet.DispatcherServlet.doService(DispatcherServlet.java:961)
	at org.springframework.web.servlet.FrameworkServlet.processRequest(FrameworkServlet.java:1006)
	at org.springframework.web.servlet.FrameworkServlet.doGet(FrameworkServlet.java:898)
	at javax.servlet.http.HttpServlet.service(HttpServlet.java:626)
	at org.springframework.web.servlet.FrameworkServlet.service(FrameworkServlet.java:883)
	at javax.servlet.http.HttpServlet.service(HttpServlet.java:733)
	at org.apache.catalina.core.ApplicationFilterChain.internalDoFilter(ApplicationFilterChain.java:231)
	at org.apache.catalina.core.ApplicationFilterChain.doFilter(ApplicationFilterChain.java:166)
	at org.apache.tomcat.websocket.server.WsFilter.doFilter(WsFilter.java:53)
	at org.apache.catalina.core.ApplicationFilterChain.internalDoFilter(ApplicationFilterChain.java:193)
	at org.apache.catalina.core.ApplicationFilterChain.doFilter(ApplicationFilterChain.java:166)
	at org.springframework.security.web.FilterChainProxy$VirtualFilterChain.doFilter(FilterChainProxy.java:327)
	at org.springframework.security.web.access.intercept.FilterSecurityInterceptor.invoke(FilterSecurityInterceptor.java:115)
	at org.springframework.security.web.access.intercept.FilterSecurityInterceptor.doFilter(FilterSecurityInterceptor.java:81)
	at org.springframework.security.web.FilterChainProxy$VirtualFilterChain.doFilter(FilterChainProxy.java:336)
	at org.springframework.security.web.access.ExceptionTranslationFilter.doFilter(ExceptionTranslationFilter.java:119)
	at org.springframework.security.web.access.ExceptionTranslationFilter.doFilter(ExceptionTranslationFilter.java:113)
	at org.springframework.security.web.FilterChainProxy$VirtualFilterChain.doFilter(FilterChainProxy.java:336)
	at org.springframework.security.web.session.SessionManagementFilter.doFilter(SessionManagementFilter.java:126)
	at org.springframework.security.web.session.SessionManagementFilter.doFilter(SessionManagementFilter.java:81)
	at org.springframework.security.web.FilterChainProxy$VirtualFilterChain.doFilter(FilterChainProxy.java:336)
	at org.springframework.security.web.authentication.AnonymousAuthenticationFilter.doFilter(AnonymousAuthenticationFilter.java:105)
	at org.springframework.security.web.FilterChainProxy$VirtualFilterChain.doFilter(FilterChainProxy.java:336)
	at org.springframework.security.web.servletapi.SecurityContextHolderAwareRequestFilter.doFilter(SecurityContextHolderAwareRequestFilter.java:149)
	at org.springframework.security.web.FilterChainProxy$VirtualFilterChain.doFilter(FilterChainProxy.java:336)
	at org.springframework.security.web.savedrequest.RequestCacheAwareFilter.doFilter(RequestCacheAwareFilter.java:63)
	at org.springframework.security.web.FilterChainProxy$VirtualFilterChain.doFilter(FilterChainProxy.java:336)
	at org.springframework.security.oauth2.server.resource.web.BearerTokenAuthenticationFilter.doFilterInternal(BearerTokenAuthenticationFilter.java:115)
	at org.springframework.web.filter.OncePerRequestFilter.doFilter(OncePerRequestFilter.java:119)
	at org.springframework.security.web.FilterChainProxy$VirtualFilterChain.doFilter(FilterChainProxy.java:336)
	at org.springframework.security.web.authentication.logout.LogoutFilter.doFilter(LogoutFilter.java:103)
	at org.springframework.security.web.authentication.logout.LogoutFilter.doFilter(LogoutFilter.java:89)
	at org.springframework.security.web.FilterChainProxy$VirtualFilterChain.doFilter(FilterChainProxy.java:336)
	at org.springframework.web.filter.CorsFilter.doFilterInternal(CorsFilter.java:91)
	at org.springframework.web.filter.OncePerRequestFilter.doFilter(OncePerRequestFilter.java:119)
	at org.springframework.security.web.FilterChainProxy$VirtualFilterChain.doFilter(FilterChainProxy.java:336)
	at org.springframework.security.web.header.HeaderWriterFilter.doHeadersAfter(HeaderWriterFilter.java:90)
	at org.springframework.security.web.header.HeaderWriterFilter.doFilterInternal(HeaderWriterFilter.java:75)
	at org.springframework.web.filter.OncePerRequestFilter.doFilter(OncePerRequestFilter.java:119)
	at org.springframework.security.web.FilterChainProxy$VirtualFilterChain.doFilter(FilterChainProxy.java:336)
	at org.springframework.security.web.context.SecurityContextPersistenceFilter.doFilter(SecurityContextPersistenceFilter.java:110)
	at org.springframework.security.web.context.SecurityContextPersistenceFilter.doFilter(SecurityContextPersistenceFilter.java:80)
	at org.springframework.security.web.FilterChainProxy$VirtualFilterChain.doFilter(FilterChainProxy.java:336)
	at org.springframework.security.web.context.request.async.WebAsyncManagerIntegrationFilter.doFilterInternal(WebAsyncManagerIntegrationFilter.java:55)
	at org.springframework.web.filter.OncePerRequestFilter.doFilter(OncePerRequestFilter.java:119)
	at org.springframework.security.web.FilterChainProxy$VirtualFilterChain.doFilter(FilterChainProxy.java:336)
	at org.springframework.security.web.FilterChainProxy.doFilterInternal(FilterChainProxy.java:211)
	at org.springframework.security.web.FilterChainProxy.doFilter(FilterChainProxy.java:183)
	at org.springframework.web.filter.DelegatingFilterProxy.invokeDelegate(DelegatingFilterProxy.java:358)
	at org.springframework.web.filter.DelegatingFilterProxy.doFilter(DelegatingFilterProxy.java:271)
	at org.apache.catalina.core.ApplicationFilterChain.internalDoFilter(ApplicationFilterChain.java:193)
	at org.apache.catalina.core.ApplicationFilterChain.doFilter(ApplicationFilterChain.java:166)
	at org.springframework.web.filter.RequestContextFilter.doFilterInternal(RequestContextFilter.java:100)
	at org.springframework.web.filter.OncePerRequestFilter.doFilter(OncePerRequestFilter.java:119)
	at org.apache.catalina.core.ApplicationFilterChain.internalDoFilter(ApplicationFilterChain.java:193)
	at org.apache.catalina.core.ApplicationFilterChain.doFilter(ApplicationFilterChain.java:166)
	at org.springframework.web.filter.FormContentFilter.doFilterInternal(FormContentFilter.java:93)
	at org.springframework.web.filter.OncePerRequestFilter.doFilter(OncePerRequestFilter.java:119)
	at org.apache.catalina.core.ApplicationFilterChain.internalDoFilter(ApplicationFilterChain.java:193)
	at org.apache.catalina.core.ApplicationFilterChain.doFilter(ApplicationFilterChain.java:166)
	at org.springframework.boot.actuate.metrics.web.servlet.WebMvcMetricsFilter.doFilterInternal(WebMvcMetricsFilter.java:93)
	at org.springframework.web.filter.OncePerRequestFilter.doFilter(OncePerRequestFilter.java:119)
	at org.apache.catalina.core.ApplicationFilterChain.internalDoFilter(ApplicationFilterChain.java:193)
	at org.apache.catalina.core.ApplicationFilterChain.doFilter(ApplicationFilterChain.java:166)
	at org.springframework.web.filter.CharacterEncodingFilter.doFilterInternal(CharacterEncodingFilter.java:201)
	at org.springframework.web.filter.OncePerRequestFilter.doFilter(OncePerRequestFilter.java:119)
	at org.apache.catalina.core.ApplicationFilterChain.internalDoFilter(ApplicationFilterChain.java:193)
	at org.apache.catalina.core.ApplicationFilterChain.doFilter(ApplicationFilterChain.java:166)
	at org.apache.catalina.core.StandardWrapperValve.invoke(StandardWrapperValve.java:202)
	at org.apache.catalina.core.StandardContextValve.invoke(StandardContextValve.java:97)
	at org.apache.catalina.authenticator.AuthenticatorBase.invoke(AuthenticatorBase.java:542)
	at org.apache.catalina.core.StandardHostValve.invoke(StandardHostValve.java:143)
	at org.apache.catalina.valves.ErrorReportValve.invoke(ErrorReportValve.java:92)
	at org.apache.catalina.core.StandardEngineValve.invoke(StandardEngineValve.java:78)
	at org.apache.catalina.connector.CoyoteAdapter.service(CoyoteAdapter.java:343)
	at org.apache.coyote.http11.Http11Processor.service(Http11Processor.java:374)
	at org.apache.coyote.AbstractProcessorLight.process(AbstractProcessorLight.java:65)
	at org.apache.coyote.AbstractProtocol$ConnectionHandler.process(AbstractProtocol.java:888)
	at org.apache.tomcat.util.net.NioEndpoint$SocketProcessor.doRun(NioEndpoint.java:1597)
	at org.apache.tomcat.util.net.SocketProcessorBase.run(SocketProcessorBase.java:49)
	at java.base/java.util.concurrent.ThreadPoolExecutor.runWorker(ThreadPoolExecutor.java:1130)
	at java.base/java.util.concurrent.ThreadPoolExecutor$Worker.run(ThreadPoolExecutor.java:630)
	at org.apache.tomcat.util.threads.TaskThread$WrappingRunnable.run(TaskThread.java:61)
	at java.base/java.lang.Thread.run(Thread.java:832)
2021-03-23 16:59:32,200 INFO com.dogeadmin.backend.aspects.ControllerAspect [https-jsse-nio-8443-exec-8] <CONTROLLER LOGS>: getUserLogs Was Invoked From null With Token Info {"name":"Justin Kroh","firstName":"Justin","lastName":"Kroh","role":"Admin","group":"Developers","iss":"https://securetoken.google.com/test-a0bf1","aud":"test-a0bf1","auth_time":1616018461,"user_id":"suErW6SwpROJaj0yoF1XloKbVM02","sub":"suErW6SwpROJaj0yoF1XloKbVM02","iat":1616532900,"exp":1616536500,"email":"justinkroh22@gmail.com","email_verified":false,"firebase":{"identities":{"email":["justinkroh22@gmail.com"]},"sign_in_provider":"password"}}
2021-03-23 17:00:24,137 INFO com.dogeadmin.backend.aspects.ControllerAspect [https-jsse-nio-8443-exec-3] <CONTROLLER LOGS>: getUserLogs Was Invoked From null With Token Info {"name":"Justin Kroh","firstName":"Justin","lastName":"Kroh","role":"Admin","group":"Developers","iss":"https://securetoken.google.com/test-a0bf1","aud":"test-a0bf1","auth_time":1616018461,"user_id":"suErW6SwpROJaj0yoF1XloKbVM02","sub":"suErW6SwpROJaj0yoF1XloKbVM02","iat":1616532900,"exp":1616536500,"email":"justinkroh22@gmail.com","email_verified":false,"firebase":{"identities":{"email":["justinkroh22@gmail.com"]},"sign_in_provider":"password"}}
2021-03-23 17:06:36,527 INFO com.dogeadmin.backend.aspects.ControllerAspect [https-jsse-nio-8443-exec-6] <CONTROLLER LOGS>: getUserByUID Was Invoked From http://localhost:4200/ With Token Info {"name":"Justin Kroh","firstName":"Justin","lastName":"Kroh","role":"Admin","group":"Developers","iss":"https://securetoken.google.com/test-a0bf1","aud":"test-a0bf1","auth_time":1616018461,"user_id":"suErW6SwpROJaj0yoF1XloKbVM02","sub":"suErW6SwpROJaj0yoF1XloKbVM02","iat":1616532900,"exp":1616536500,"email":"justinkroh22@gmail.com","email_verified":false,"firebase":{"identities":{"email":["justinkroh22@gmail.com"]},"sign_in_provider":"password"}}
2021-03-23 17:07:16,741 INFO com.dogeadmin.backend.aspects.ControllerAspect [https-jsse-nio-8443-exec-10] <CONTROLLER LOGS>: getUserByUID Was Invoked From http://localhost:4200/ With Token Info {"name":"Justin Kroh","firstName":"Justin","lastName":"Kroh","role":"Admin","group":"Developers","iss":"https://securetoken.google.com/test-a0bf1","aud":"test-a0bf1","auth_time":1616018461,"user_id":"suErW6SwpROJaj0yoF1XloKbVM02","sub":"suErW6SwpROJaj0yoF1XloKbVM02","iat":1616532900,"exp":1616536500,"email":"justinkroh22@gmail.com","email_verified":false,"firebase":{"identities":{"email":["justinkroh22@gmail.com"]},"sign_in_provider":"password"}}
2021-03-23 17:13:04,727 INFO com.dogeadmin.backend.aspects.ControllerAspect [https-jsse-nio-8443-exec-1] <CONTROLLER LOGS>: getUserByUID Was Invoked From http://localhost:4200/ With Token Info {"name":"Justin Kroh","firstName":"Justin","lastName":"Kroh","role":"Admin","group":"Developers","iss":"https://securetoken.google.com/test-a0bf1","aud":"test-a0bf1","auth_time":1616018461,"user_id":"suErW6SwpROJaj0yoF1XloKbVM02","sub":"suErW6SwpROJaj0yoF1XloKbVM02","iat":1616532900,"exp":1616536500,"email":"justinkroh22@gmail.com","email_verified":false,"firebase":{"identities":{"email":["justinkroh22@gmail.com"]},"sign_in_provider":"password"}}
2021-03-23 17:14:13,172 INFO com.dogeadmin.backend.aspects.ControllerAspect [https-jsse-nio-8443-exec-7] <CONTROLLER LOGS>: getUserByUID Was Invoked From http://localhost:4200/ With Token Info {"name":"Justin Kroh","firstName":"Justin","lastName":"Kroh","role":"Admin","group":"Developers","iss":"https://securetoken.google.com/test-a0bf1","aud":"test-a0bf1","auth_time":1616018461,"user_id":"suErW6SwpROJaj0yoF1XloKbVM02","sub":"suErW6SwpROJaj0yoF1XloKbVM02","iat":1616532900,"exp":1616536500,"email":"justinkroh22@gmail.com","email_verified":false,"firebase":{"identities":{"email":["justinkroh22@gmail.com"]},"sign_in_provider":"password"}}
2021-03-23 17:14:35,037 INFO com.dogeadmin.backend.aspects.ControllerAspect [https-jsse-nio-8443-exec-5] <CONTROLLER LOGS>: getUserByUID Was Invoked From http://localhost:4200/ With Token Info {"name":"Justin Kroh","firstName":"Justin","lastName":"Kroh","role":"Admin","group":"Developers","iss":"https://securetoken.google.com/test-a0bf1","aud":"test-a0bf1","auth_time":1616018461,"user_id":"suErW6SwpROJaj0yoF1XloKbVM02","sub":"suErW6SwpROJaj0yoF1XloKbVM02","iat":1616532900,"exp":1616536500,"email":"justinkroh22@gmail.com","email_verified":false,"firebase":{"identities":{"email":["justinkroh22@gmail.com"]},"sign_in_provider":"password"}}
2021-03-23 17:15:33,840 INFO com.dogeadmin.backend.aspects.ControllerAspect [https-jsse-nio-8443-exec-8] <CONTROLLER LOGS>: getUserByUID Was Invoked From http://localhost:4200/ With Token Info {"name":"Justin Kroh","firstName":"Justin","lastName":"Kroh","role":"Admin","group":"Developers","iss":"https://securetoken.google.com/test-a0bf1","aud":"test-a0bf1","auth_time":1616018461,"user_id":"suErW6SwpROJaj0yoF1XloKbVM02","sub":"suErW6SwpROJaj0yoF1XloKbVM02","iat":1616532900,"exp":1616536500,"email":"justinkroh22@gmail.com","email_verified":false,"firebase":{"identities":{"email":["justinkroh22@gmail.com"]},"sign_in_provider":"password"}}
2021-03-23 17:16:04,206 INFO com.dogeadmin.backend.aspects.ControllerAspect [https-jsse-nio-8443-exec-6] <CONTROLLER LOGS>: getUserByUID Was Invoked From http://localhost:4200/ With Token Info {"name":"Justin Kroh","firstName":"Justin","lastName":"Kroh","role":"Admin","group":"Developers","iss":"https://securetoken.google.com/test-a0bf1","aud":"test-a0bf1","auth_time":1616018461,"user_id":"suErW6SwpROJaj0yoF1XloKbVM02","sub":"suErW6SwpROJaj0yoF1XloKbVM02","iat":1616532900,"exp":1616536500,"email":"justinkroh22@gmail.com","email_verified":false,"firebase":{"identities":{"email":["justinkroh22@gmail.com"]},"sign_in_provider":"password"}}
2021-03-23 17:16:31,902 INFO com.dogeadmin.backend.aspects.ControllerAspect [https-jsse-nio-8443-exec-10] <CONTROLLER LOGS>: getUserByUID Was Invoked From http://localhost:4200/ With Token Info {"name":"Justin Kroh","firstName":"Justin","lastName":"Kroh","role":"Admin","group":"Developers","iss":"https://securetoken.google.com/test-a0bf1","aud":"test-a0bf1","auth_time":1616018461,"user_id":"suErW6SwpROJaj0yoF1XloKbVM02","sub":"suErW6SwpROJaj0yoF1XloKbVM02","iat":1616532900,"exp":1616536500,"email":"justinkroh22@gmail.com","email_verified":false,"firebase":{"identities":{"email":["justinkroh22@gmail.com"]},"sign_in_provider":"password"}}
2021-03-23 17:20:02,002 INFO com.dogeadmin.backend.aspects.ControllerAspect [https-jsse-nio-8443-exec-1] <CONTROLLER LOGS>: getUserByUID Was Invoked From http://localhost:4200/ With Token Info {"name":"Justin Kroh","firstName":"Justin","lastName":"Kroh","role":"Admin","group":"Developers","iss":"https://securetoken.google.com/test-a0bf1","aud":"test-a0bf1","auth_time":1616018461,"user_id":"suErW6SwpROJaj0yoF1XloKbVM02","sub":"suErW6SwpROJaj0yoF1XloKbVM02","iat":1616532900,"exp":1616536500,"email":"justinkroh22@gmail.com","email_verified":false,"firebase":{"identities":{"email":["justinkroh22@gmail.com"]},"sign_in_provider":"password"}}
2021-03-23 17:20:02,025 INFO com.dogeadmin.backend.aspects.ControllerAspect [https-jsse-nio-8443-exec-4] <CONTROLLER LOGS>: getUserLogs Was Invoked From http://localhost:4200/ With Token Info {"name":"Justin Kroh","firstName":"Justin","lastName":"Kroh","role":"Admin","group":"Developers","iss":"https://securetoken.google.com/test-a0bf1","aud":"test-a0bf1","auth_time":1616018461,"user_id":"suErW6SwpROJaj0yoF1XloKbVM02","sub":"suErW6SwpROJaj0yoF1XloKbVM02","iat":1616532900,"exp":1616536500,"email":"justinkroh22@gmail.com","email_verified":false,"firebase":{"identities":{"email":["justinkroh22@gmail.com"]},"sign_in_provider":"password"}}
2021-03-23 17:24:24,202 INFO org.springframework.boot.StartupInfoLogger [main] Starting BackendApplication using Java 15.0.1 on DESKTOP-OUG9LID with PID 30212 (C:\Users\Justin\personal-workspace\DogeAdmin\backend\backend\target\classes started by Justin in C:\Users\Justin\personal-workspace\DogeAdmin\backend\backend)
2021-03-23 17:24:24,206 INFO org.springframework.boot.SpringApplication [main] No active profile set, falling back to default profiles: default
2021-03-23 17:24:25,135 INFO org.springframework.context.support.PostProcessorRegistrationDelegate$BeanPostProcessorChecker [main] Bean 'org.springframework.security.access.expression.method.DefaultMethodSecurityExpressionHandler@14b789f6' of type [org.springframework.security.access.expression.method.DefaultMethodSecurityExpressionHandler] is not eligible for getting processed by all BeanPostProcessors (for example: not eligible for auto-proxying)
2021-03-23 17:24:25,144 INFO org.springframework.context.support.PostProcessorRegistrationDelegate$BeanPostProcessorChecker [main] Bean 'methodSecurityMetadataSource' of type [org.springframework.security.access.method.DelegatingMethodSecurityMetadataSource] is not eligible for getting processed by all BeanPostProcessors (for example: not eligible for auto-proxying)
2021-03-23 17:24:25,395 INFO org.springframework.boot.web.embedded.tomcat.TomcatWebServer [main] Tomcat initialized with port(s): 8443 (https)
2021-03-23 17:24:25,403 INFO org.apache.juli.logging.DirectJDKLog [main] Initializing ProtocolHandler ["https-jsse-nio-8443"]
2021-03-23 17:24:25,403 INFO org.apache.juli.logging.DirectJDKLog [main] Starting service [Tomcat]
2021-03-23 17:24:25,403 INFO org.apache.juli.logging.DirectJDKLog [main] Starting Servlet engine: [Apache Tomcat/9.0.41]
2021-03-23 17:24:25,487 INFO org.apache.juli.logging.DirectJDKLog [main] Initializing Spring embedded WebApplicationContext
2021-03-23 17:24:25,488 INFO org.springframework.boot.web.servlet.context.ServletWebServerApplicationContext [main] Root WebApplicationContext: initialization completed in 1238 ms
2021-03-23 17:24:25,716 INFO com.dogeadmin.backend.security.FirebaseInitializer [main] Initializing Firebase App...
2021-03-23 17:24:25,931 INFO org.springframework.scheduling.concurrent.ExecutorConfigurationSupport [main] Initializing ExecutorService 'applicationTaskExecutor'
2021-03-23 17:24:26,735 INFO org.springframework.security.web.DefaultSecurityFilterChain [main] Will secure any request with [org.springframework.security.web.context.request.async.WebAsyncManagerIntegrationFilter@603d25db, org.springframework.security.web.context.SecurityContextPersistenceFilter@34e990cc, org.springframework.security.web.header.HeaderWriterFilter@67b8d45, org.springframework.web.filter.CorsFilter@95cecc5, org.springframework.security.web.authentication.logout.LogoutFilter@5fe5c68b, org.springframework.security.oauth2.server.resource.web.BearerTokenAuthenticationFilter@3f9f8d23, org.springframework.security.web.savedrequest.RequestCacheAwareFilter@21f91efa, org.springframework.security.web.servletapi.SecurityContextHolderAwareRequestFilter@6de84336, org.springframework.security.web.authentication.AnonymousAuthenticationFilter@48b3b1b8, org.springframework.security.web.session.SessionManagementFilter@1533338c, org.springframework.security.web.access.ExceptionTranslationFilter@42b4df5a, org.springframework.security.web.access.intercept.FilterSecurityInterceptor@38929da]
2021-03-23 17:24:26,759 INFO org.springframework.boot.actuate.endpoint.web.EndpointLinksResolver [main] Exposing 13 endpoint(s) beneath base path '/actuator'
2021-03-23 17:24:26,783 INFO org.apache.juli.logging.DirectJDKLog [main] Starting ProtocolHandler ["https-jsse-nio-8443"]
2021-03-23 17:24:27,040 INFO org.springframework.boot.web.embedded.tomcat.TomcatWebServer [main] Tomcat started on port(s): 8443 (https) with context path ''
2021-03-23 17:24:27,051 INFO org.springframework.boot.StartupInfoLogger [main] Started BackendApplication in 3.19 seconds (JVM running for 3.509)
2021-03-23 17:24:31,616 INFO org.apache.juli.logging.DirectJDKLog [https-jsse-nio-8443-exec-9] Initializing Spring DispatcherServlet 'dispatcherServlet'
2021-03-23 17:24:31,616 INFO org.springframework.web.servlet.FrameworkServlet [https-jsse-nio-8443-exec-9] Initializing Servlet 'dispatcherServlet'
2021-03-23 17:24:31,617 INFO org.springframework.web.servlet.FrameworkServlet [https-jsse-nio-8443-exec-9] Completed initialization in 1 ms
2021-03-23 17:24:32,172 INFO com.dogeadmin.backend.aspects.ControllerAspect [https-jsse-nio-8443-exec-10] <CONTROLLER LOGS>: getUserByUID Was Invoked From http://localhost:4200/ With Token Info {"name":"Justin Kroh","firstName":"Justin","lastName":"Kroh","role":"Admin","group":"Developers","iss":"https://securetoken.google.com/test-a0bf1","aud":"test-a0bf1","auth_time":1616018461,"user_id":"suErW6SwpROJaj0yoF1XloKbVM02","sub":"suErW6SwpROJaj0yoF1XloKbVM02","iat":1616532900,"exp":1616536500,"email":"justinkroh22@gmail.com","email_verified":false,"firebase":{"identities":{"email":["justinkroh22@gmail.com"]},"sign_in_provider":"password"}}
2021-03-23 17:24:32,248 INFO com.dogeadmin.backend.aspects.ControllerAspect [https-jsse-nio-8443-exec-2] <CONTROLLER LOGS>: getUserLogs Was Invoked From http://localhost:4200/ With Token Info {"name":"Justin Kroh","firstName":"Justin","lastName":"Kroh","role":"Admin","group":"Developers","iss":"https://securetoken.google.com/test-a0bf1","aud":"test-a0bf1","auth_time":1616018461,"user_id":"suErW6SwpROJaj0yoF1XloKbVM02","sub":"suErW6SwpROJaj0yoF1XloKbVM02","iat":1616532900,"exp":1616536500,"email":"justinkroh22@gmail.com","email_verified":false,"firebase":{"identities":{"email":["justinkroh22@gmail.com"]},"sign_in_provider":"password"}}
