2021-03-24 10:55:09,218 INFO org.springframework.boot.StartupInfoLogger [main] Starting BackendApplication using Java 15.0.1 on DESKTOP-OUG9LID with PID 14348 (C:\Users\Justin\personal-workspace\DogeAdmin\backend\backend\target\classes started by Justin in C:\Users\Justin\personal-workspace\DogeAdmin\backend\backend)
2021-03-24 10:55:09,222 INFO org.springframework.boot.SpringApplication [main] No active profile set, falling back to default profiles: default
2021-03-24 10:55:10,154 INFO org.springframework.context.support.PostProcessorRegistrationDelegate$BeanPostProcessorChecker [main] Bean 'org.springframework.security.access.expression.method.DefaultMethodSecurityExpressionHandler@78d6447a' of type [org.springframework.security.access.expression.method.DefaultMethodSecurityExpressionHandler] is not eligible for getting processed by all BeanPostProcessors (for example: not eligible for auto-proxying)
2021-03-24 10:55:10,166 INFO org.springframework.context.support.PostProcessorRegistrationDelegate$BeanPostProcessorChecker [main] Bean 'methodSecurityMetadataSource' of type [org.springframework.security.access.method.DelegatingMethodSecurityMetadataSource] is not eligible for getting processed by all BeanPostProcessors (for example: not eligible for auto-proxying)
2021-03-24 10:55:10,507 INFO org.springframework.boot.web.embedded.tomcat.TomcatWebServer [main] Tomcat initialized with port(s): 8443 (https)
2021-03-24 10:55:10,518 INFO org.apache.juli.logging.DirectJDKLog [main] Initializing ProtocolHandler ["https-jsse-nio-8443"]
2021-03-24 10:55:10,519 INFO org.apache.juli.logging.DirectJDKLog [main] Starting service [Tomcat]
2021-03-24 10:55:10,519 INFO org.apache.juli.logging.DirectJDKLog [main] Starting Servlet engine: [Apache Tomcat/9.0.41]
2021-03-24 10:55:10,611 INFO org.apache.juli.logging.DirectJDKLog [main] Initializing Spring embedded WebApplicationContext
2021-03-24 10:55:10,611 INFO org.springframework.boot.web.servlet.context.ServletWebServerApplicationContext [main] Root WebApplicationContext: initialization completed in 1356 ms
2021-03-24 10:55:10,833 INFO com.dogeadmin.backend.security.FirebaseInitializer [main] Initializing Firebase App...
2021-03-24 10:55:11,045 INFO org.springframework.scheduling.concurrent.ExecutorConfigurationSupport [main] Initializing ExecutorService 'applicationTaskExecutor'
2021-03-24 10:55:11,914 INFO org.springframework.security.web.DefaultSecurityFilterChain [main] Will secure any request with [org.springframework.security.web.context.request.async.WebAsyncManagerIntegrationFilter@48106381, org.springframework.security.web.context.SecurityContextPersistenceFilter@20890a1a, org.springframework.security.web.header.HeaderWriterFilter@f48a080, org.springframework.web.filter.CorsFilter@3c544c9, org.springframework.security.web.authentication.logout.LogoutFilter@e72fb04, org.springframework.security.oauth2.server.resource.web.BearerTokenAuthenticationFilter@59371066, org.springframework.security.web.savedrequest.RequestCacheAwareFilter@78bad03b, org.springframework.security.web.servletapi.SecurityContextHolderAwareRequestFilter@100eeedc, org.springframework.security.web.authentication.AnonymousAuthenticationFilter@22e813fc, org.springframework.security.web.session.SessionManagementFilter@44976b08, org.springframework.security.web.access.ExceptionTranslationFilter@749d7c01, org.springframework.security.web.access.intercept.FilterSecurityInterceptor@2ffb0d10]
2021-03-24 10:55:11,937 INFO org.springframework.boot.actuate.endpoint.web.EndpointLinksResolver [main] Exposing 13 endpoint(s) beneath base path '/actuator'
2021-03-24 10:55:11,960 INFO org.apache.juli.logging.DirectJDKLog [main] Starting ProtocolHandler ["https-jsse-nio-8443"]
2021-03-24 10:55:12,272 INFO org.springframework.boot.web.embedded.tomcat.TomcatWebServer [main] Tomcat started on port(s): 8443 (https) with context path ''
2021-03-24 10:55:12,283 INFO org.springframework.boot.StartupInfoLogger [main] Started BackendApplication in 3.405 seconds (JVM running for 3.717)
2021-03-24 10:55:24,999 INFO org.apache.juli.logging.DirectJDKLog [https-jsse-nio-8443-exec-4] Initializing Spring DispatcherServlet 'dispatcherServlet'
2021-03-24 10:55:25,000 INFO org.springframework.web.servlet.FrameworkServlet [https-jsse-nio-8443-exec-4] Initializing Servlet 'dispatcherServlet'
2021-03-24 10:55:25,001 INFO org.springframework.web.servlet.FrameworkServlet [https-jsse-nio-8443-exec-4] Completed initialization in 1 ms
2021-03-24 10:55:25,235 INFO com.dogeadmin.backend.aspects.ControllerAspect [https-jsse-nio-8443-exec-9] <CONTROLLER LOGS>: getUserLogs Was Invoked From http://localhost:4200/ With User ID suErW6SwpROJaj0yoF1XloKbVM02
2021-03-24 10:55:25,240 ERROR org.apache.juli.logging.DirectJDKLog [https-jsse-nio-8443-exec-9] Servlet.service() for servlet [dispatcherServlet] in context with path [] threw exception [Request processing failed; nested exception is java.lang.IndexOutOfBoundsException: fromIndex = -3] with root cause
java.lang.IndexOutOfBoundsException: fromIndex = -3
	at java.base/java.util.AbstractList.subListRangeCheck(AbstractList.java:505)
	at java.base/java.util.ArrayList.subList(ArrayList.java:1108)
	at com.dogeadmin.backend.controller.UserController.getUserLogs(UserController.java:160)
	at com.dogeadmin.backend.controller.UserController$$FastClassBySpringCGLIB$$ef4be50a.invoke(<generated>)
	at org.springframework.cglib.proxy.MethodProxy.invoke(MethodProxy.java:218)
	at org.springframework.aop.framework.CglibAopProxy$CglibMethodInvocation.invokeJoinpoint(CglibAopProxy.java:771)
	at org.springframework.aop.framework.ReflectiveMethodInvocation.proceed(ReflectiveMethodInvocation.java:163)
	at org.springframework.aop.framework.CglibAopProxy$CglibMethodInvocation.proceed(CglibAopProxy.java:749)
	at org.springframework.aop.aspectj.AspectJAfterAdvice.invoke(AspectJAfterAdvice.java:49)
	at org.springframework.aop.framework.ReflectiveMethodInvocation.proceed(ReflectiveMethodInvocation.java:186)
	at org.springframework.aop.framework.CglibAopProxy$CglibMethodInvocation.proceed(CglibAopProxy.java:749)
	at org.springframework.security.access.intercept.aopalliance.MethodSecurityInterceptor.invoke(MethodSecurityInterceptor.java:61)
	at org.springframework.aop.framework.ReflectiveMethodInvocation.proceed(ReflectiveMethodInvocation.java:186)
	at org.springframework.aop.framework.CglibAopProxy$CglibMethodInvocation.proceed(CglibAopProxy.java:749)
	at org.springframework.aop.interceptor.ExposeInvocationInterceptor.invoke(ExposeInvocationInterceptor.java:97)
	at org.springframework.aop.framework.ReflectiveMethodInvocation.proceed(ReflectiveMethodInvocation.java:186)
	at org.springframework.aop.framework.CglibAopProxy$CglibMethodInvocation.proceed(CglibAopProxy.java:749)
	at org.springframework.aop.framework.CglibAopProxy$DynamicAdvisedInterceptor.intercept(CglibAopProxy.java:691)
	at com.dogeadmin.backend.controller.UserController$$EnhancerBySpringCGLIB$$930811d4.getUserLogs(<generated>)
	at java.base/jdk.internal.reflect.NativeMethodAccessorImpl.invoke0(Native Method)
	at java.base/jdk.internal.reflect.NativeMethodAccessorImpl.invoke(NativeMethodAccessorImpl.java:64)
	at java.base/jdk.internal.reflect.DelegatingMethodAccessorImpl.invoke(DelegatingMethodAccessorImpl.java:43)
	at java.base/java.lang.reflect.Method.invoke(Method.java:564)
	at org.springframework.web.method.support.InvocableHandlerMethod.doInvoke(InvocableHandlerMethod.java:197)
	at org.springframework.web.method.support.InvocableHandlerMethod.invokeForRequest(InvocableHandlerMethod.java:141)
	at org.springframework.web.servlet.mvc.method.annotation.ServletInvocableHandlerMethod.invokeAndHandle(ServletInvocableHandlerMethod.java:106)
	at org.springframework.web.servlet.mvc.method.annotation.RequestMappingHandlerAdapter.invokeHandlerMethod(RequestMappingHandlerAdapter.java:894)
	at org.springframework.web.servlet.mvc.method.annotation.RequestMappingHandlerAdapter.handleInternal(RequestMappingHandlerAdapter.java:808)
	at org.springframework.web.servlet.mvc.method.AbstractHandlerMethodAdapter.handle(AbstractHandlerMethodAdapter.java:87)
	at org.springframework.web.servlet.DispatcherServlet.doDispatch(DispatcherServlet.java:1061)
	at org.springframework.web.servlet.DispatcherServlet.doService(DispatcherServlet.java:961)
	at org.springframework.web.servlet.FrameworkServlet.processRequest(FrameworkServlet.java:1006)
	at org.springframework.web.servlet.FrameworkServlet.doPost(FrameworkServlet.java:909)
	at javax.servlet.http.HttpServlet.service(HttpServlet.java:652)
	at org.springframework.web.servlet.FrameworkServlet.service(FrameworkServlet.java:883)
	at javax.servlet.http.HttpServlet.service(HttpServlet.java:733)
	at org.apache.catalina.core.ApplicationFilterChain.internalDoFilter(ApplicationFilterChain.java:231)
	at org.apache.catalina.core.ApplicationFilterChain.doFilter(ApplicationFilterChain.java:166)
	at org.apache.tomcat.websocket.server.WsFilter.doFilter(WsFilter.java:53)
	at org.apache.catalina.core.ApplicationFilterChain.internalDoFilter(ApplicationFilterChain.java:193)
	at org.apache.catalina.core.ApplicationFilterChain.doFilter(ApplicationFilterChain.java:166)
	at org.springframework.security.web.FilterChainProxy$VirtualFilterChain.doFilter(FilterChainProxy.java:327)
	at org.springframework.security.web.access.intercept.FilterSecurityInterceptor.invoke(FilterSecurityInterceptor.java:115)
	at org.springframework.security.web.access.intercept.FilterSecurityInterceptor.doFilter(FilterSecurityInterceptor.java:81)
	at org.springframework.security.web.FilterChainProxy$VirtualFilterChain.doFilter(FilterChainProxy.java:336)
	at org.springframework.security.web.access.ExceptionTranslationFilter.doFilter(ExceptionTranslationFilter.java:119)
	at org.springframework.security.web.access.ExceptionTranslationFilter.doFilter(ExceptionTranslationFilter.java:113)
	at org.springframework.security.web.FilterChainProxy$VirtualFilterChain.doFilter(FilterChainProxy.java:336)
	at org.springframework.security.web.session.SessionManagementFilter.doFilter(SessionManagementFilter.java:126)
	at org.springframework.security.web.session.SessionManagementFilter.doFilter(SessionManagementFilter.java:81)
	at org.springframework.security.web.FilterChainProxy$VirtualFilterChain.doFilter(FilterChainProxy.java:336)
	at org.springframework.security.web.authentication.AnonymousAuthenticationFilter.doFilter(AnonymousAuthenticationFilter.java:105)
	at org.springframework.security.web.FilterChainProxy$VirtualFilterChain.doFilter(FilterChainProxy.java:336)
	at org.springframework.security.web.servletapi.SecurityContextHolderAwareRequestFilter.doFilter(SecurityContextHolderAwareRequestFilter.java:149)
	at org.springframework.security.web.FilterChainProxy$VirtualFilterChain.doFilter(FilterChainProxy.java:336)
	at org.springframework.security.web.savedrequest.RequestCacheAwareFilter.doFilter(RequestCacheAwareFilter.java:63)
	at org.springframework.security.web.FilterChainProxy$VirtualFilterChain.doFilter(FilterChainProxy.java:336)
	at org.springframework.security.oauth2.server.resource.web.BearerTokenAuthenticationFilter.doFilterInternal(BearerTokenAuthenticationFilter.java:129)
	at org.springframework.web.filter.OncePerRequestFilter.doFilter(OncePerRequestFilter.java:119)
	at org.springframework.security.web.FilterChainProxy$VirtualFilterChain.doFilter(FilterChainProxy.java:336)
	at org.springframework.security.web.authentication.logout.LogoutFilter.doFilter(LogoutFilter.java:103)
	at org.springframework.security.web.authentication.logout.LogoutFilter.doFilter(LogoutFilter.java:89)
	at org.springframework.security.web.FilterChainProxy$VirtualFilterChain.doFilter(FilterChainProxy.java:336)
	at org.springframework.web.filter.CorsFilter.doFilterInternal(CorsFilter.java:91)
	at org.springframework.web.filter.OncePerRequestFilter.doFilter(OncePerRequestFilter.java:119)
	at org.springframework.security.web.FilterChainProxy$VirtualFilterChain.doFilter(FilterChainProxy.java:336)
	at org.springframework.security.web.header.HeaderWriterFilter.doHeadersAfter(HeaderWriterFilter.java:90)
	at org.springframework.security.web.header.HeaderWriterFilter.doFilterInternal(HeaderWriterFilter.java:75)
	at org.springframework.web.filter.OncePerRequestFilter.doFilter(OncePerRequestFilter.java:119)
	at org.springframework.security.web.FilterChainProxy$VirtualFilterChain.doFilter(FilterChainProxy.java:336)
	at org.springframework.security.web.context.SecurityContextPersistenceFilter.doFilter(SecurityContextPersistenceFilter.java:110)
	at org.springframework.security.web.context.SecurityContextPersistenceFilter.doFilter(SecurityContextPersistenceFilter.java:80)
	at org.springframework.security.web.FilterChainProxy$VirtualFilterChain.doFilter(FilterChainProxy.java:336)
	at org.springframework.security.web.context.request.async.WebAsyncManagerIntegrationFilter.doFilterInternal(WebAsyncManagerIntegrationFilter.java:55)
	at org.springframework.web.filter.OncePerRequestFilter.doFilter(OncePerRequestFilter.java:119)
	at org.springframework.security.web.FilterChainProxy$VirtualFilterChain.doFilter(FilterChainProxy.java:336)
	at org.springframework.security.web.FilterChainProxy.doFilterInternal(FilterChainProxy.java:211)
	at org.springframework.security.web.FilterChainProxy.doFilter(FilterChainProxy.java:183)
	at org.springframework.web.filter.DelegatingFilterProxy.invokeDelegate(DelegatingFilterProxy.java:358)
	at org.springframework.web.filter.DelegatingFilterProxy.doFilter(DelegatingFilterProxy.java:271)
	at org.apache.catalina.core.ApplicationFilterChain.internalDoFilter(ApplicationFilterChain.java:193)
	at org.apache.catalina.core.ApplicationFilterChain.doFilter(ApplicationFilterChain.java:166)
	at org.springframework.web.filter.RequestContextFilter.doFilterInternal(RequestContextFilter.java:100)
	at org.springframework.web.filter.OncePerRequestFilter.doFilter(OncePerRequestFilter.java:119)
	at org.apache.catalina.core.ApplicationFilterChain.internalDoFilter(ApplicationFilterChain.java:193)
	at org.apache.catalina.core.ApplicationFilterChain.doFilter(ApplicationFilterChain.java:166)
	at org.springframework.web.filter.FormContentFilter.doFilterInternal(FormContentFilter.java:93)
	at org.springframework.web.filter.OncePerRequestFilter.doFilter(OncePerRequestFilter.java:119)
	at org.apache.catalina.core.ApplicationFilterChain.internalDoFilter(ApplicationFilterChain.java:193)
	at org.apache.catalina.core.ApplicationFilterChain.doFilter(ApplicationFilterChain.java:166)
	at org.springframework.boot.actuate.metrics.web.servlet.WebMvcMetricsFilter.doFilterInternal(WebMvcMetricsFilter.java:93)
	at org.springframework.web.filter.OncePerRequestFilter.doFilter(OncePerRequestFilter.java:119)
	at org.apache.catalina.core.ApplicationFilterChain.internalDoFilter(ApplicationFilterChain.java:193)
	at org.apache.catalina.core.ApplicationFilterChain.doFilter(ApplicationFilterChain.java:166)
	at org.springframework.web.filter.CharacterEncodingFilter.doFilterInternal(CharacterEncodingFilter.java:201)
	at org.springframework.web.filter.OncePerRequestFilter.doFilter(OncePerRequestFilter.java:119)
	at org.apache.catalina.core.ApplicationFilterChain.internalDoFilter(ApplicationFilterChain.java:193)
	at org.apache.catalina.core.ApplicationFilterChain.doFilter(ApplicationFilterChain.java:166)
	at org.apache.catalina.core.StandardWrapperValve.invoke(StandardWrapperValve.java:202)
	at org.apache.catalina.core.StandardContextValve.invoke(StandardContextValve.java:97)
	at org.apache.catalina.authenticator.AuthenticatorBase.invoke(AuthenticatorBase.java:542)
	at org.apache.catalina.core.StandardHostValve.invoke(StandardHostValve.java:143)
	at org.apache.catalina.valves.ErrorReportValve.invoke(ErrorReportValve.java:92)
	at org.apache.catalina.core.StandardEngineValve.invoke(StandardEngineValve.java:78)
	at org.apache.catalina.connector.CoyoteAdapter.service(CoyoteAdapter.java:343)
	at org.apache.coyote.http11.Http11Processor.service(Http11Processor.java:374)
	at org.apache.coyote.AbstractProcessorLight.process(AbstractProcessorLight.java:65)
	at org.apache.coyote.AbstractProtocol$ConnectionHandler.process(AbstractProtocol.java:888)
	at org.apache.tomcat.util.net.NioEndpoint$SocketProcessor.doRun(NioEndpoint.java:1597)
	at org.apache.tomcat.util.net.SocketProcessorBase.run(SocketProcessorBase.java:49)
	at java.base/java.util.concurrent.ThreadPoolExecutor.runWorker(ThreadPoolExecutor.java:1130)
	at java.base/java.util.concurrent.ThreadPoolExecutor$Worker.run(ThreadPoolExecutor.java:630)
	at org.apache.tomcat.util.threads.TaskThread$WrappingRunnable.run(TaskThread.java:61)
	at java.base/java.lang.Thread.run(Thread.java:832)
2021-03-24 10:55:25,717 INFO com.dogeadmin.backend.aspects.ControllerAspect [https-jsse-nio-8443-exec-1] <CONTROLLER LOGS>: getAllUsers Was Invoked From http://localhost:4200/ With User ID suErW6SwpROJaj0yoF1XloKbVM02
2021-03-24 10:55:26,002 INFO com.dogeadmin.backend.aspects.ControllerAspect [https-jsse-nio-8443-exec-5] <CONTROLLER LOGS>: getAllUsers Was Invoked From http://localhost:4200/ With User ID suErW6SwpROJaj0yoF1XloKbVM02
2021-03-24 10:56:10,149 INFO com.dogeadmin.backend.aspects.ControllerAspect [https-jsse-nio-8443-exec-3] <CONTROLLER LOGS>: getUserByUID Was Invoked From http://localhost:4200/ With User ID suErW6SwpROJaj0yoF1XloKbVM02
2021-03-24 10:56:10,177 INFO com.dogeadmin.backend.aspects.ControllerAspect [https-jsse-nio-8443-exec-6] <CONTROLLER LOGS>: getUserLogs Was Invoked From http://localhost:4200/ With User ID suErW6SwpROJaj0yoF1XloKbVM02
2021-03-24 11:04:09,121 INFO org.springframework.boot.StartupInfoLogger [main] Starting BackendApplication using Java 15.0.1 on DESKTOP-OUG9LID with PID 22256 (C:\Users\Justin\personal-workspace\DogeAdmin\backend\backend\target\classes started by Justin in C:\Users\Justin\personal-workspace\DogeAdmin\backend\backend)
2021-03-24 11:04:09,123 INFO org.springframework.boot.SpringApplication [main] No active profile set, falling back to default profiles: default
2021-03-24 11:04:10,066 INFO org.springframework.context.support.PostProcessorRegistrationDelegate$BeanPostProcessorChecker [main] Bean 'org.springframework.security.access.expression.method.DefaultMethodSecurityExpressionHandler@6eb17ec8' of type [org.springframework.security.access.expression.method.DefaultMethodSecurityExpressionHandler] is not eligible for getting processed by all BeanPostProcessors (for example: not eligible for auto-proxying)
2021-03-24 11:04:10,076 INFO org.springframework.context.support.PostProcessorRegistrationDelegate$BeanPostProcessorChecker [main] Bean 'methodSecurityMetadataSource' of type [org.springframework.security.access.method.DelegatingMethodSecurityMetadataSource] is not eligible for getting processed by all BeanPostProcessors (for example: not eligible for auto-proxying)
2021-03-24 11:04:10,330 INFO org.springframework.boot.web.embedded.tomcat.TomcatWebServer [main] Tomcat initialized with port(s): 8443 (https)
2021-03-24 11:04:10,339 INFO org.apache.juli.logging.DirectJDKLog [main] Initializing ProtocolHandler ["https-jsse-nio-8443"]
2021-03-24 11:04:10,339 INFO org.apache.juli.logging.DirectJDKLog [main] Starting service [Tomcat]
2021-03-24 11:04:10,339 INFO org.apache.juli.logging.DirectJDKLog [main] Starting Servlet engine: [Apache Tomcat/9.0.41]
2021-03-24 11:04:10,431 INFO org.apache.juli.logging.DirectJDKLog [main] Initializing Spring embedded WebApplicationContext
2021-03-24 11:04:10,431 INFO org.springframework.boot.web.servlet.context.ServletWebServerApplicationContext [main] Root WebApplicationContext: initialization completed in 1278 ms
2021-03-24 11:04:10,648 INFO com.dogeadmin.backend.security.FirebaseInitializer [main] Initializing Firebase App...
2021-03-24 11:04:10,845 INFO org.springframework.scheduling.concurrent.ExecutorConfigurationSupport [main] Initializing ExecutorService 'applicationTaskExecutor'
2021-03-24 11:04:11,689 INFO org.springframework.security.web.DefaultSecurityFilterChain [main] Will secure any request with [org.springframework.security.web.context.request.async.WebAsyncManagerIntegrationFilter@182e4365, org.springframework.security.web.context.SecurityContextPersistenceFilter@9f1ca74, org.springframework.security.web.header.HeaderWriterFilter@36cfe107, org.springframework.web.filter.CorsFilter@789dd6bf, org.springframework.security.web.authentication.logout.LogoutFilter@7e4ac598, org.springframework.security.oauth2.server.resource.web.BearerTokenAuthenticationFilter@1b60d324, org.springframework.security.web.savedrequest.RequestCacheAwareFilter@365e65bb, org.springframework.security.web.servletapi.SecurityContextHolderAwareRequestFilter@393ae7a0, org.springframework.security.web.authentication.AnonymousAuthenticationFilter@1e6d30c0, org.springframework.security.web.session.SessionManagementFilter@687b0ddc, org.springframework.security.web.access.ExceptionTranslationFilter@4e2109fe, org.springframework.security.web.access.intercept.FilterSecurityInterceptor@336e3be2]
2021-03-24 11:04:11,709 INFO org.springframework.boot.actuate.endpoint.web.EndpointLinksResolver [main] Exposing 13 endpoint(s) beneath base path '/actuator'
2021-03-24 11:04:11,733 INFO org.apache.juli.logging.DirectJDKLog [main] Starting ProtocolHandler ["https-jsse-nio-8443"]
2021-03-24 11:04:11,998 INFO org.springframework.boot.web.embedded.tomcat.TomcatWebServer [main] Tomcat started on port(s): 8443 (https) with context path ''
2021-03-24 11:04:12,008 INFO org.springframework.boot.StartupInfoLogger [main] Started BackendApplication in 3.228 seconds (JVM running for 3.574)
2021-03-24 11:04:16,364 INFO org.apache.juli.logging.DirectJDKLog [https-jsse-nio-8443-exec-9] Initializing Spring DispatcherServlet 'dispatcherServlet'
2021-03-24 11:04:16,364 INFO org.springframework.web.servlet.FrameworkServlet [https-jsse-nio-8443-exec-9] Initializing Servlet 'dispatcherServlet'
2021-03-24 11:04:16,366 INFO org.springframework.web.servlet.FrameworkServlet [https-jsse-nio-8443-exec-9] Completed initialization in 1 ms
2021-03-24 11:04:17,024 INFO com.dogeadmin.backend.aspects.ControllerAspect [https-jsse-nio-8443-exec-10] <CONTROLLER LOGS>: getAllUsers Was Invoked From http://localhost:4200/ With User ID suErW6SwpROJaj0yoF1XloKbVM02
2021-03-24 11:05:38,166 INFO org.springframework.boot.StartupInfoLogger [main] Starting BackendApplication using Java 15.0.1 on DESKTOP-OUG9LID with PID 34016 (C:\Users\Justin\personal-workspace\DogeAdmin\backend\backend\target\classes started by Justin in C:\Users\Justin\personal-workspace\DogeAdmin\backend\backend)
2021-03-24 11:05:38,168 INFO org.springframework.boot.SpringApplication [main] No active profile set, falling back to default profiles: default
2021-03-24 11:05:39,030 INFO org.springframework.context.support.PostProcessorRegistrationDelegate$BeanPostProcessorChecker [main] Bean 'org.springframework.security.access.expression.method.DefaultMethodSecurityExpressionHandler@5b9396d3' of type [org.springframework.security.access.expression.method.DefaultMethodSecurityExpressionHandler] is not eligible for getting processed by all BeanPostProcessors (for example: not eligible for auto-proxying)
2021-03-24 11:05:39,038 INFO org.springframework.context.support.PostProcessorRegistrationDelegate$BeanPostProcessorChecker [main] Bean 'methodSecurityMetadataSource' of type [org.springframework.security.access.method.DelegatingMethodSecurityMetadataSource] is not eligible for getting processed by all BeanPostProcessors (for example: not eligible for auto-proxying)
2021-03-24 11:05:39,279 INFO org.springframework.boot.web.embedded.tomcat.TomcatWebServer [main] Tomcat initialized with port(s): 8443 (https)
2021-03-24 11:05:39,288 INFO org.apache.juli.logging.DirectJDKLog [main] Initializing ProtocolHandler ["https-jsse-nio-8443"]
2021-03-24 11:05:39,289 INFO org.apache.juli.logging.DirectJDKLog [main] Starting service [Tomcat]
2021-03-24 11:05:39,289 INFO org.apache.juli.logging.DirectJDKLog [main] Starting Servlet engine: [Apache Tomcat/9.0.41]
2021-03-24 11:05:39,369 INFO org.apache.juli.logging.DirectJDKLog [main] Initializing Spring embedded WebApplicationContext
2021-03-24 11:05:39,369 INFO org.springframework.boot.web.servlet.context.ServletWebServerApplicationContext [main] Root WebApplicationContext: initialization completed in 1170 ms
2021-03-24 11:05:39,585 INFO com.dogeadmin.backend.security.FirebaseInitializer [main] Initializing Firebase App...
2021-03-24 11:05:39,792 INFO org.springframework.scheduling.concurrent.ExecutorConfigurationSupport [main] Initializing ExecutorService 'applicationTaskExecutor'
2021-03-24 11:05:40,562 INFO org.springframework.security.web.DefaultSecurityFilterChain [main] Will secure any request with [org.springframework.security.web.context.request.async.WebAsyncManagerIntegrationFilter@5529522f, org.springframework.security.web.context.SecurityContextPersistenceFilter@362a6aa5, org.springframework.security.web.header.HeaderWriterFilter@1857fe6c, org.springframework.web.filter.CorsFilter@175ac243, org.springframework.security.web.authentication.logout.LogoutFilter@627bcd7e, org.springframework.security.oauth2.server.resource.web.BearerTokenAuthenticationFilter@7db47323, org.springframework.security.web.savedrequest.RequestCacheAwareFilter@139089a4, org.springframework.security.web.servletapi.SecurityContextHolderAwareRequestFilter@687b0ddc, org.springframework.security.web.authentication.AnonymousAuthenticationFilter@51a719e7, org.springframework.security.web.session.SessionManagementFilter@18bb1b88, org.springframework.security.web.access.ExceptionTranslationFilter@252c6cdb, org.springframework.security.web.access.intercept.FilterSecurityInterceptor@59371066]
2021-03-24 11:05:40,581 INFO org.springframework.boot.actuate.endpoint.web.EndpointLinksResolver [main] Exposing 13 endpoint(s) beneath base path '/actuator'
2021-03-24 11:05:40,603 INFO org.apache.juli.logging.DirectJDKLog [main] Starting ProtocolHandler ["https-jsse-nio-8443"]
2021-03-24 11:05:40,877 INFO org.springframework.boot.web.embedded.tomcat.TomcatWebServer [main] Tomcat started on port(s): 8443 (https) with context path ''
2021-03-24 11:05:40,887 INFO org.springframework.boot.StartupInfoLogger [main] Started BackendApplication in 3.043 seconds (JVM running for 3.368)
2021-03-24 11:05:52,641 INFO org.apache.juli.logging.DirectJDKLog [https-jsse-nio-8443-exec-9] Initializing Spring DispatcherServlet 'dispatcherServlet'
2021-03-24 11:05:52,642 INFO org.springframework.web.servlet.FrameworkServlet [https-jsse-nio-8443-exec-9] Initializing Servlet 'dispatcherServlet'
2021-03-24 11:05:52,643 INFO org.springframework.web.servlet.FrameworkServlet [https-jsse-nio-8443-exec-9] Completed initialization in 1 ms
2021-03-24 11:05:53,267 INFO com.dogeadmin.backend.aspects.ControllerAspect [https-jsse-nio-8443-exec-10] <CONTROLLER LOGS>: getUserByUID Was Invoked From http://localhost:4200/ With User ID suErW6SwpROJaj0yoF1XloKbVM02
2021-03-24 11:05:53,341 INFO com.dogeadmin.backend.aspects.ControllerAspect [https-jsse-nio-8443-exec-2] <CONTROLLER LOGS>: getUserLogs Was Invoked From http://localhost:4200/ With User ID suErW6SwpROJaj0yoF1XloKbVM02
2021-03-24 11:05:53,345 ERROR org.apache.juli.logging.DirectJDKLog [https-jsse-nio-8443-exec-2] Servlet.service() for servlet [dispatcherServlet] in context with path [] threw exception [Request processing failed; nested exception is java.lang.IndexOutOfBoundsException: fromIndex = -3] with root cause
java.lang.IndexOutOfBoundsException: fromIndex = -3
	at java.base/java.util.AbstractList.subListRangeCheck(AbstractList.java:505)
	at java.base/java.util.ArrayList.subList(ArrayList.java:1108)
	at com.dogeadmin.backend.controller.UserController.getUserLogs(UserController.java:160)
	at com.dogeadmin.backend.controller.UserController$$FastClassBySpringCGLIB$$ef4be50a.invoke(<generated>)
	at org.springframework.cglib.proxy.MethodProxy.invoke(MethodProxy.java:218)
	at org.springframework.aop.framework.CglibAopProxy$CglibMethodInvocation.invokeJoinpoint(CglibAopProxy.java:771)
	at org.springframework.aop.framework.ReflectiveMethodInvocation.proceed(ReflectiveMethodInvocation.java:163)
	at org.springframework.aop.framework.CglibAopProxy$CglibMethodInvocation.proceed(CglibAopProxy.java:749)
	at org.springframework.aop.aspectj.AspectJAfterAdvice.invoke(AspectJAfterAdvice.java:49)
	at org.springframework.aop.framework.ReflectiveMethodInvocation.proceed(ReflectiveMethodInvocation.java:186)
	at org.springframework.aop.framework.CglibAopProxy$CglibMethodInvocation.proceed(CglibAopProxy.java:749)
	at org.springframework.security.access.intercept.aopalliance.MethodSecurityInterceptor.invoke(MethodSecurityInterceptor.java:61)
	at org.springframework.aop.framework.ReflectiveMethodInvocation.proceed(ReflectiveMethodInvocation.java:186)
	at org.springframework.aop.framework.CglibAopProxy$CglibMethodInvocation.proceed(CglibAopProxy.java:749)
	at org.springframework.aop.interceptor.ExposeInvocationInterceptor.invoke(ExposeInvocationInterceptor.java:97)
	at org.springframework.aop.framework.ReflectiveMethodInvocation.proceed(ReflectiveMethodInvocation.java:186)
	at org.springframework.aop.framework.CglibAopProxy$CglibMethodInvocation.proceed(CglibAopProxy.java:749)
	at org.springframework.aop.framework.CglibAopProxy$DynamicAdvisedInterceptor.intercept(CglibAopProxy.java:691)
	at com.dogeadmin.backend.controller.UserController$$EnhancerBySpringCGLIB$$14de17c1.getUserLogs(<generated>)
	at java.base/jdk.internal.reflect.NativeMethodAccessorImpl.invoke0(Native Method)
	at java.base/jdk.internal.reflect.NativeMethodAccessorImpl.invoke(NativeMethodAccessorImpl.java:64)
	at java.base/jdk.internal.reflect.DelegatingMethodAccessorImpl.invoke(DelegatingMethodAccessorImpl.java:43)
	at java.base/java.lang.reflect.Method.invoke(Method.java:564)
	at org.springframework.web.method.support.InvocableHandlerMethod.doInvoke(InvocableHandlerMethod.java:197)
	at org.springframework.web.method.support.InvocableHandlerMethod.invokeForRequest(InvocableHandlerMethod.java:141)
	at org.springframework.web.servlet.mvc.method.annotation.ServletInvocableHandlerMethod.invokeAndHandle(ServletInvocableHandlerMethod.java:106)
	at org.springframework.web.servlet.mvc.method.annotation.RequestMappingHandlerAdapter.invokeHandlerMethod(RequestMappingHandlerAdapter.java:894)
	at org.springframework.web.servlet.mvc.method.annotation.RequestMappingHandlerAdapter.handleInternal(RequestMappingHandlerAdapter.java:808)
	at org.springframework.web.servlet.mvc.method.AbstractHandlerMethodAdapter.handle(AbstractHandlerMethodAdapter.java:87)
	at org.springframework.web.servlet.DispatcherServlet.doDispatch(DispatcherServlet.java:1061)
	at org.springframework.web.servlet.DispatcherServlet.doService(DispatcherServlet.java:961)
	at org.springframework.web.servlet.FrameworkServlet.processRequest(FrameworkServlet.java:1006)
	at org.springframework.web.servlet.FrameworkServlet.doPost(FrameworkServlet.java:909)
	at javax.servlet.http.HttpServlet.service(HttpServlet.java:652)
	at org.springframework.web.servlet.FrameworkServlet.service(FrameworkServlet.java:883)
	at javax.servlet.http.HttpServlet.service(HttpServlet.java:733)
	at org.apache.catalina.core.ApplicationFilterChain.internalDoFilter(ApplicationFilterChain.java:231)
	at org.apache.catalina.core.ApplicationFilterChain.doFilter(ApplicationFilterChain.java:166)
	at org.apache.tomcat.websocket.server.WsFilter.doFilter(WsFilter.java:53)
	at org.apache.catalina.core.ApplicationFilterChain.internalDoFilter(ApplicationFilterChain.java:193)
	at org.apache.catalina.core.ApplicationFilterChain.doFilter(ApplicationFilterChain.java:166)
	at org.springframework.security.web.FilterChainProxy$VirtualFilterChain.doFilter(FilterChainProxy.java:327)
	at org.springframework.security.web.access.intercept.FilterSecurityInterceptor.invoke(FilterSecurityInterceptor.java:115)
	at org.springframework.security.web.access.intercept.FilterSecurityInterceptor.doFilter(FilterSecurityInterceptor.java:81)
	at org.springframework.security.web.FilterChainProxy$VirtualFilterChain.doFilter(FilterChainProxy.java:336)
	at org.springframework.security.web.access.ExceptionTranslationFilter.doFilter(ExceptionTranslationFilter.java:119)
	at org.springframework.security.web.access.ExceptionTranslationFilter.doFilter(ExceptionTranslationFilter.java:113)
	at org.springframework.security.web.FilterChainProxy$VirtualFilterChain.doFilter(FilterChainProxy.java:336)
	at org.springframework.security.web.session.SessionManagementFilter.doFilter(SessionManagementFilter.java:126)
	at org.springframework.security.web.session.SessionManagementFilter.doFilter(SessionManagementFilter.java:81)
	at org.springframework.security.web.FilterChainProxy$VirtualFilterChain.doFilter(FilterChainProxy.java:336)
	at org.springframework.security.web.authentication.AnonymousAuthenticationFilter.doFilter(AnonymousAuthenticationFilter.java:105)
	at org.springframework.security.web.FilterChainProxy$VirtualFilterChain.doFilter(FilterChainProxy.java:336)
	at org.springframework.security.web.servletapi.SecurityContextHolderAwareRequestFilter.doFilter(SecurityContextHolderAwareRequestFilter.java:149)
	at org.springframework.security.web.FilterChainProxy$VirtualFilterChain.doFilter(FilterChainProxy.java:336)
	at org.springframework.security.web.savedrequest.RequestCacheAwareFilter.doFilter(RequestCacheAwareFilter.java:63)
	at org.springframework.security.web.FilterChainProxy$VirtualFilterChain.doFilter(FilterChainProxy.java:336)
	at org.springframework.security.oauth2.server.resource.web.BearerTokenAuthenticationFilter.doFilterInternal(BearerTokenAuthenticationFilter.java:129)
	at org.springframework.web.filter.OncePerRequestFilter.doFilter(OncePerRequestFilter.java:119)
	at org.springframework.security.web.FilterChainProxy$VirtualFilterChain.doFilter(FilterChainProxy.java:336)
	at org.springframework.security.web.authentication.logout.LogoutFilter.doFilter(LogoutFilter.java:103)
	at org.springframework.security.web.authentication.logout.LogoutFilter.doFilter(LogoutFilter.java:89)
	at org.springframework.security.web.FilterChainProxy$VirtualFilterChain.doFilter(FilterChainProxy.java:336)
	at org.springframework.web.filter.CorsFilter.doFilterInternal(CorsFilter.java:91)
	at org.springframework.web.filter.OncePerRequestFilter.doFilter(OncePerRequestFilter.java:119)
	at org.springframework.security.web.FilterChainProxy$VirtualFilterChain.doFilter(FilterChainProxy.java:336)
	at org.springframework.security.web.header.HeaderWriterFilter.doHeadersAfter(HeaderWriterFilter.java:90)
	at org.springframework.security.web.header.HeaderWriterFilter.doFilterInternal(HeaderWriterFilter.java:75)
	at org.springframework.web.filter.OncePerRequestFilter.doFilter(OncePerRequestFilter.java:119)
	at org.springframework.security.web.FilterChainProxy$VirtualFilterChain.doFilter(FilterChainProxy.java:336)
	at org.springframework.security.web.context.SecurityContextPersistenceFilter.doFilter(SecurityContextPersistenceFilter.java:110)
	at org.springframework.security.web.context.SecurityContextPersistenceFilter.doFilter(SecurityContextPersistenceFilter.java:80)
	at org.springframework.security.web.FilterChainProxy$VirtualFilterChain.doFilter(FilterChainProxy.java:336)
	at org.springframework.security.web.context.request.async.WebAsyncManagerIntegrationFilter.doFilterInternal(WebAsyncManagerIntegrationFilter.java:55)
	at org.springframework.web.filter.OncePerRequestFilter.doFilter(OncePerRequestFilter.java:119)
	at org.springframework.security.web.FilterChainProxy$VirtualFilterChain.doFilter(FilterChainProxy.java:336)
	at org.springframework.security.web.FilterChainProxy.doFilterInternal(FilterChainProxy.java:211)
	at org.springframework.security.web.FilterChainProxy.doFilter(FilterChainProxy.java:183)
	at org.springframework.web.filter.DelegatingFilterProxy.invokeDelegate(DelegatingFilterProxy.java:358)
	at org.springframework.web.filter.DelegatingFilterProxy.doFilter(DelegatingFilterProxy.java:271)
	at org.apache.catalina.core.ApplicationFilterChain.internalDoFilter(ApplicationFilterChain.java:193)
	at org.apache.catalina.core.ApplicationFilterChain.doFilter(ApplicationFilterChain.java:166)
	at org.springframework.web.filter.RequestContextFilter.doFilterInternal(RequestContextFilter.java:100)
	at org.springframework.web.filter.OncePerRequestFilter.doFilter(OncePerRequestFilter.java:119)
	at org.apache.catalina.core.ApplicationFilterChain.internalDoFilter(ApplicationFilterChain.java:193)
	at org.apache.catalina.core.ApplicationFilterChain.doFilter(ApplicationFilterChain.java:166)
	at org.springframework.web.filter.FormContentFilter.doFilterInternal(FormContentFilter.java:93)
	at org.springframework.web.filter.OncePerRequestFilter.doFilter(OncePerRequestFilter.java:119)
	at org.apache.catalina.core.ApplicationFilterChain.internalDoFilter(ApplicationFilterChain.java:193)
	at org.apache.catalina.core.ApplicationFilterChain.doFilter(ApplicationFilterChain.java:166)
	at org.springframework.boot.actuate.metrics.web.servlet.WebMvcMetricsFilter.doFilterInternal(WebMvcMetricsFilter.java:93)
	at org.springframework.web.filter.OncePerRequestFilter.doFilter(OncePerRequestFilter.java:119)
	at org.apache.catalina.core.ApplicationFilterChain.internalDoFilter(ApplicationFilterChain.java:193)
	at org.apache.catalina.core.ApplicationFilterChain.doFilter(ApplicationFilterChain.java:166)
	at org.springframework.web.filter.CharacterEncodingFilter.doFilterInternal(CharacterEncodingFilter.java:201)
	at org.springframework.web.filter.OncePerRequestFilter.doFilter(OncePerRequestFilter.java:119)
	at org.apache.catalina.core.ApplicationFilterChain.internalDoFilter(ApplicationFilterChain.java:193)
	at org.apache.catalina.core.ApplicationFilterChain.doFilter(ApplicationFilterChain.java:166)
	at org.apache.catalina.core.StandardWrapperValve.invoke(StandardWrapperValve.java:202)
	at org.apache.catalina.core.StandardContextValve.invoke(StandardContextValve.java:97)
	at org.apache.catalina.authenticator.AuthenticatorBase.invoke(AuthenticatorBase.java:542)
	at org.apache.catalina.core.StandardHostValve.invoke(StandardHostValve.java:143)
	at org.apache.catalina.valves.ErrorReportValve.invoke(ErrorReportValve.java:92)
	at org.apache.catalina.core.StandardEngineValve.invoke(StandardEngineValve.java:78)
	at org.apache.catalina.connector.CoyoteAdapter.service(CoyoteAdapter.java:343)
	at org.apache.coyote.http11.Http11Processor.service(Http11Processor.java:374)
	at org.apache.coyote.AbstractProcessorLight.process(AbstractProcessorLight.java:65)
	at org.apache.coyote.AbstractProtocol$ConnectionHandler.process(AbstractProtocol.java:888)
	at org.apache.tomcat.util.net.NioEndpoint$SocketProcessor.doRun(NioEndpoint.java:1597)
	at org.apache.tomcat.util.net.SocketProcessorBase.run(SocketProcessorBase.java:49)
	at java.base/java.util.concurrent.ThreadPoolExecutor.runWorker(ThreadPoolExecutor.java:1130)
	at java.base/java.util.concurrent.ThreadPoolExecutor$Worker.run(ThreadPoolExecutor.java:630)
	at org.apache.tomcat.util.threads.TaskThread$WrappingRunnable.run(TaskThread.java:61)
	at java.base/java.lang.Thread.run(Thread.java:832)
2021-03-24 11:06:02,835 INFO com.dogeadmin.backend.aspects.ControllerAspect [https-jsse-nio-8443-exec-2] <CONTROLLER LOGS>: getAllUsers Was Invoked From http://localhost:4200/ With User ID suErW6SwpROJaj0yoF1XloKbVM02
2021-03-24 11:07:03,303 INFO com.dogeadmin.backend.aspects.ControllerAspect [https-jsse-nio-8443-exec-5] <CONTROLLER LOGS>: getUserByUID Was Invoked From http://localhost:4200/ With User ID suErW6SwpROJaj0yoF1XloKbVM02
2021-03-24 11:07:03,321 INFO com.dogeadmin.backend.aspects.ControllerAspect [https-jsse-nio-8443-exec-7] <CONTROLLER LOGS>: getUserLogs Was Invoked From http://localhost:4200/ With User ID suErW6SwpROJaj0yoF1XloKbVM02
2021-03-24 11:08:17,076 INFO  - Starting BackendApplication using Java 15.0.1 on DESKTOP-OUG9LID with PID 36336 (C:\Users\Justin\personal-workspace\DogeAdmin\backend\backend\target\classes started by Justin in C:\Users\Justin\personal-workspace\DogeAdmin\backend\backend)
2021-03-24 11:08:17,077 INFO  - No active profile set, falling back to default profiles: default
2021-03-24 11:08:17,976 INFO  - Bean 'org.springframework.security.access.expression.method.DefaultMethodSecurityExpressionHandler@5bc7e78e' of type [org.springframework.security.access.expression.method.DefaultMethodSecurityExpressionHandler] is not eligible for getting processed by all BeanPostProcessors (for example: not eligible for auto-proxying)
2021-03-24 11:08:17,983 INFO  - Bean 'methodSecurityMetadataSource' of type [org.springframework.security.access.method.DelegatingMethodSecurityMetadataSource] is not eligible for getting processed by all BeanPostProcessors (for example: not eligible for auto-proxying)
2021-03-24 11:08:18,258 INFO  - Tomcat initialized with port(s): 8443 (https)
2021-03-24 11:08:18,268 INFO  - Initializing ProtocolHandler ["https-jsse-nio-8443"]
2021-03-24 11:08:18,268 INFO  - Starting service [Tomcat]
2021-03-24 11:08:18,268 INFO  - Starting Servlet engine: [Apache Tomcat/9.0.41]
2021-03-24 11:08:18,353 INFO  - Initializing Spring embedded WebApplicationContext
2021-03-24 11:08:18,354 INFO  - Root WebApplicationContext: initialization completed in 1245 ms
2021-03-24 11:08:18,563 INFO  - Initializing Firebase App...
2021-03-24 11:08:18,775 INFO  - Initializing ExecutorService 'applicationTaskExecutor'
2021-03-24 11:08:19,548 INFO  - Will secure any request with [org.springframework.security.web.context.request.async.WebAsyncManagerIntegrationFilter@402a69f, org.springframework.security.web.context.SecurityContextPersistenceFilter@61c87f1b, org.springframework.security.web.header.HeaderWriterFilter@749d7c01, org.springframework.web.filter.CorsFilter@419f0ea, org.springframework.security.web.authentication.logout.LogoutFilter@63326a3a, org.springframework.security.oauth2.server.resource.web.BearerTokenAuthenticationFilter@63e70bf9, org.springframework.security.web.savedrequest.RequestCacheAwareFilter@44976b08, org.springframework.security.web.servletapi.SecurityContextHolderAwareRequestFilter@26101efc, org.springframework.security.web.authentication.AnonymousAuthenticationFilter@2d47b06, org.springframework.security.web.session.SessionManagementFilter@214fba74, org.springframework.security.web.access.ExceptionTranslationFilter@16a09809, org.springframework.security.web.access.intercept.FilterSecurityInterceptor@13dc6649]
2021-03-24 11:08:19,567 INFO  - Exposing 13 endpoint(s) beneath base path '/actuator'
2021-03-24 11:08:19,592 INFO  - Starting ProtocolHandler ["https-jsse-nio-8443"]
2021-03-24 11:08:19,849 INFO  - Tomcat started on port(s): 8443 (https) with context path ''
2021-03-24 11:08:19,859 INFO  - Started BackendApplication in 3.112 seconds (JVM running for 3.43)
2021-03-24 11:08:22,411 INFO  - Initializing Spring DispatcherServlet 'dispatcherServlet'
2021-03-24 11:08:22,411 INFO  - Initializing Servlet 'dispatcherServlet'
2021-03-24 11:08:22,412 INFO  - Completed initialization in 1 ms
2021-03-24 11:08:23,120 INFO  - <CONTROLLER LOGS>: getAllUsers Was Invoked From http://localhost:4200/ With User ID suErW6SwpROJaj0yoF1XloKbVM02
2021-03-24 11:08:35,413 INFO  - <CONTROLLER LOGS>: getUserByUID Was Invoked From http://localhost:4200/ With User ID suErW6SwpROJaj0yoF1XloKbVM02
2021-03-24 11:08:35,454 INFO  - <CONTROLLER LOGS>: getUserLogs Was Invoked From http://localhost:4200/ With User ID suErW6SwpROJaj0yoF1XloKbVM02
2021-03-24 11:08:35,458 ERROR - Servlet.service() for servlet [dispatcherServlet] in context with path [] threw exception [Request processing failed; nested exception is java.lang.IndexOutOfBoundsException: fromIndex = -3] with root cause
java.lang.IndexOutOfBoundsException: fromIndex = -3
	at java.base/java.util.AbstractList.subListRangeCheck(AbstractList.java:505)
	at java.base/java.util.ArrayList.subList(ArrayList.java:1108)
	at com.dogeadmin.backend.controller.UserController.getUserLogs(UserController.java:160)
	at com.dogeadmin.backend.controller.UserController$$FastClassBySpringCGLIB$$ef4be50a.invoke(<generated>)
	at org.springframework.cglib.proxy.MethodProxy.invoke(MethodProxy.java:218)
	at org.springframework.aop.framework.CglibAopProxy$CglibMethodInvocation.invokeJoinpoint(CglibAopProxy.java:771)
	at org.springframework.aop.framework.ReflectiveMethodInvocation.proceed(ReflectiveMethodInvocation.java:163)
	at org.springframework.aop.framework.CglibAopProxy$CglibMethodInvocation.proceed(CglibAopProxy.java:749)
	at org.springframework.aop.aspectj.AspectJAfterAdvice.invoke(AspectJAfterAdvice.java:49)
	at org.springframework.aop.framework.ReflectiveMethodInvocation.proceed(ReflectiveMethodInvocation.java:186)
	at org.springframework.aop.framework.CglibAopProxy$CglibMethodInvocation.proceed(CglibAopProxy.java:749)
	at org.springframework.security.access.intercept.aopalliance.MethodSecurityInterceptor.invoke(MethodSecurityInterceptor.java:61)
	at org.springframework.aop.framework.ReflectiveMethodInvocation.proceed(ReflectiveMethodInvocation.java:186)
	at org.springframework.aop.framework.CglibAopProxy$CglibMethodInvocation.proceed(CglibAopProxy.java:749)
	at org.springframework.aop.interceptor.ExposeInvocationInterceptor.invoke(ExposeInvocationInterceptor.java:97)
	at org.springframework.aop.framework.ReflectiveMethodInvocation.proceed(ReflectiveMethodInvocation.java:186)
	at org.springframework.aop.framework.CglibAopProxy$CglibMethodInvocation.proceed(CglibAopProxy.java:749)
	at org.springframework.aop.framework.CglibAopProxy$DynamicAdvisedInterceptor.intercept(CglibAopProxy.java:691)
	at com.dogeadmin.backend.controller.UserController$$EnhancerBySpringCGLIB$$18f3fcfb.getUserLogs(<generated>)
	at java.base/jdk.internal.reflect.NativeMethodAccessorImpl.invoke0(Native Method)
	at java.base/jdk.internal.reflect.NativeMethodAccessorImpl.invoke(NativeMethodAccessorImpl.java:64)
	at java.base/jdk.internal.reflect.DelegatingMethodAccessorImpl.invoke(DelegatingMethodAccessorImpl.java:43)
	at java.base/java.lang.reflect.Method.invoke(Method.java:564)
	at org.springframework.web.method.support.InvocableHandlerMethod.doInvoke(InvocableHandlerMethod.java:197)
	at org.springframework.web.method.support.InvocableHandlerMethod.invokeForRequest(InvocableHandlerMethod.java:141)
	at org.springframework.web.servlet.mvc.method.annotation.ServletInvocableHandlerMethod.invokeAndHandle(ServletInvocableHandlerMethod.java:106)
	at org.springframework.web.servlet.mvc.method.annotation.RequestMappingHandlerAdapter.invokeHandlerMethod(RequestMappingHandlerAdapter.java:894)
	at org.springframework.web.servlet.mvc.method.annotation.RequestMappingHandlerAdapter.handleInternal(RequestMappingHandlerAdapter.java:808)
	at org.springframework.web.servlet.mvc.method.AbstractHandlerMethodAdapter.handle(AbstractHandlerMethodAdapter.java:87)
	at org.springframework.web.servlet.DispatcherServlet.doDispatch(DispatcherServlet.java:1061)
	at org.springframework.web.servlet.DispatcherServlet.doService(DispatcherServlet.java:961)
	at org.springframework.web.servlet.FrameworkServlet.processRequest(FrameworkServlet.java:1006)
	at org.springframework.web.servlet.FrameworkServlet.doPost(FrameworkServlet.java:909)
	at javax.servlet.http.HttpServlet.service(HttpServlet.java:652)
	at org.springframework.web.servlet.FrameworkServlet.service(FrameworkServlet.java:883)
	at javax.servlet.http.HttpServlet.service(HttpServlet.java:733)
	at org.apache.catalina.core.ApplicationFilterChain.internalDoFilter(ApplicationFilterChain.java:231)
	at org.apache.catalina.core.ApplicationFilterChain.doFilter(ApplicationFilterChain.java:166)
	at org.apache.tomcat.websocket.server.WsFilter.doFilter(WsFilter.java:53)
	at org.apache.catalina.core.ApplicationFilterChain.internalDoFilter(ApplicationFilterChain.java:193)
	at org.apache.catalina.core.ApplicationFilterChain.doFilter(ApplicationFilterChain.java:166)
	at org.springframework.security.web.FilterChainProxy$VirtualFilterChain.doFilter(FilterChainProxy.java:327)
	at org.springframework.security.web.access.intercept.FilterSecurityInterceptor.invoke(FilterSecurityInterceptor.java:115)
	at org.springframework.security.web.access.intercept.FilterSecurityInterceptor.doFilter(FilterSecurityInterceptor.java:81)
	at org.springframework.security.web.FilterChainProxy$VirtualFilterChain.doFilter(FilterChainProxy.java:336)
	at org.springframework.security.web.access.ExceptionTranslationFilter.doFilter(ExceptionTranslationFilter.java:119)
	at org.springframework.security.web.access.ExceptionTranslationFilter.doFilter(ExceptionTranslationFilter.java:113)
	at org.springframework.security.web.FilterChainProxy$VirtualFilterChain.doFilter(FilterChainProxy.java:336)
	at org.springframework.security.web.session.SessionManagementFilter.doFilter(SessionManagementFilter.java:126)
	at org.springframework.security.web.session.SessionManagementFilter.doFilter(SessionManagementFilter.java:81)
	at org.springframework.security.web.FilterChainProxy$VirtualFilterChain.doFilter(FilterChainProxy.java:336)
	at org.springframework.security.web.authentication.AnonymousAuthenticationFilter.doFilter(AnonymousAuthenticationFilter.java:105)
	at org.springframework.security.web.FilterChainProxy$VirtualFilterChain.doFilter(FilterChainProxy.java:336)
	at org.springframework.security.web.servletapi.SecurityContextHolderAwareRequestFilter.doFilter(SecurityContextHolderAwareRequestFilter.java:149)
	at org.springframework.security.web.FilterChainProxy$VirtualFilterChain.doFilter(FilterChainProxy.java:336)
	at org.springframework.security.web.savedrequest.RequestCacheAwareFilter.doFilter(RequestCacheAwareFilter.java:63)
	at org.springframework.security.web.FilterChainProxy$VirtualFilterChain.doFilter(FilterChainProxy.java:336)
	at org.springframework.security.oauth2.server.resource.web.BearerTokenAuthenticationFilter.doFilterInternal(BearerTokenAuthenticationFilter.java:129)
	at org.springframework.web.filter.OncePerRequestFilter.doFilter(OncePerRequestFilter.java:119)
	at org.springframework.security.web.FilterChainProxy$VirtualFilterChain.doFilter(FilterChainProxy.java:336)
	at org.springframework.security.web.authentication.logout.LogoutFilter.doFilter(LogoutFilter.java:103)
	at org.springframework.security.web.authentication.logout.LogoutFilter.doFilter(LogoutFilter.java:89)
	at org.springframework.security.web.FilterChainProxy$VirtualFilterChain.doFilter(FilterChainProxy.java:336)
	at org.springframework.web.filter.CorsFilter.doFilterInternal(CorsFilter.java:91)
	at org.springframework.web.filter.OncePerRequestFilter.doFilter(OncePerRequestFilter.java:119)
	at org.springframework.security.web.FilterChainProxy$VirtualFilterChain.doFilter(FilterChainProxy.java:336)
	at org.springframework.security.web.header.HeaderWriterFilter.doHeadersAfter(HeaderWriterFilter.java:90)
	at org.springframework.security.web.header.HeaderWriterFilter.doFilterInternal(HeaderWriterFilter.java:75)
	at org.springframework.web.filter.OncePerRequestFilter.doFilter(OncePerRequestFilter.java:119)
	at org.springframework.security.web.FilterChainProxy$VirtualFilterChain.doFilter(FilterChainProxy.java:336)
	at org.springframework.security.web.context.SecurityContextPersistenceFilter.doFilter(SecurityContextPersistenceFilter.java:110)
	at org.springframework.security.web.context.SecurityContextPersistenceFilter.doFilter(SecurityContextPersistenceFilter.java:80)
	at org.springframework.security.web.FilterChainProxy$VirtualFilterChain.doFilter(FilterChainProxy.java:336)
	at org.springframework.security.web.context.request.async.WebAsyncManagerIntegrationFilter.doFilterInternal(WebAsyncManagerIntegrationFilter.java:55)
	at org.springframework.web.filter.OncePerRequestFilter.doFilter(OncePerRequestFilter.java:119)
	at org.springframework.security.web.FilterChainProxy$VirtualFilterChain.doFilter(FilterChainProxy.java:336)
	at org.springframework.security.web.FilterChainProxy.doFilterInternal(FilterChainProxy.java:211)
	at org.springframework.security.web.FilterChainProxy.doFilter(FilterChainProxy.java:183)
	at org.springframework.web.filter.DelegatingFilterProxy.invokeDelegate(DelegatingFilterProxy.java:358)
	at org.springframework.web.filter.DelegatingFilterProxy.doFilter(DelegatingFilterProxy.java:271)
	at org.apache.catalina.core.ApplicationFilterChain.internalDoFilter(ApplicationFilterChain.java:193)
	at org.apache.catalina.core.ApplicationFilterChain.doFilter(ApplicationFilterChain.java:166)
	at org.springframework.web.filter.RequestContextFilter.doFilterInternal(RequestContextFilter.java:100)
	at org.springframework.web.filter.OncePerRequestFilter.doFilter(OncePerRequestFilter.java:119)
	at org.apache.catalina.core.ApplicationFilterChain.internalDoFilter(ApplicationFilterChain.java:193)
	at org.apache.catalina.core.ApplicationFilterChain.doFilter(ApplicationFilterChain.java:166)
	at org.springframework.web.filter.FormContentFilter.doFilterInternal(FormContentFilter.java:93)
	at org.springframework.web.filter.OncePerRequestFilter.doFilter(OncePerRequestFilter.java:119)
	at org.apache.catalina.core.ApplicationFilterChain.internalDoFilter(ApplicationFilterChain.java:193)
	at org.apache.catalina.core.ApplicationFilterChain.doFilter(ApplicationFilterChain.java:166)
	at org.springframework.boot.actuate.metrics.web.servlet.WebMvcMetricsFilter.doFilterInternal(WebMvcMetricsFilter.java:93)
	at org.springframework.web.filter.OncePerRequestFilter.doFilter(OncePerRequestFilter.java:119)
	at org.apache.catalina.core.ApplicationFilterChain.internalDoFilter(ApplicationFilterChain.java:193)
	at org.apache.catalina.core.ApplicationFilterChain.doFilter(ApplicationFilterChain.java:166)
	at org.springframework.web.filter.CharacterEncodingFilter.doFilterInternal(CharacterEncodingFilter.java:201)
	at org.springframework.web.filter.OncePerRequestFilter.doFilter(OncePerRequestFilter.java:119)
	at org.apache.catalina.core.ApplicationFilterChain.internalDoFilter(ApplicationFilterChain.java:193)
	at org.apache.catalina.core.ApplicationFilterChain.doFilter(ApplicationFilterChain.java:166)
	at org.apache.catalina.core.StandardWrapperValve.invoke(StandardWrapperValve.java:202)
	at org.apache.catalina.core.StandardContextValve.invoke(StandardContextValve.java:97)
	at org.apache.catalina.authenticator.AuthenticatorBase.invoke(AuthenticatorBase.java:542)
	at org.apache.catalina.core.StandardHostValve.invoke(StandardHostValve.java:143)
	at org.apache.catalina.valves.ErrorReportValve.invoke(ErrorReportValve.java:92)
	at org.apache.catalina.core.StandardEngineValve.invoke(StandardEngineValve.java:78)
	at org.apache.catalina.connector.CoyoteAdapter.service(CoyoteAdapter.java:343)
	at org.apache.coyote.http11.Http11Processor.service(Http11Processor.java:374)
	at org.apache.coyote.AbstractProcessorLight.process(AbstractProcessorLight.java:65)
	at org.apache.coyote.AbstractProtocol$ConnectionHandler.process(AbstractProtocol.java:888)
	at org.apache.tomcat.util.net.NioEndpoint$SocketProcessor.doRun(NioEndpoint.java:1597)
	at org.apache.tomcat.util.net.SocketProcessorBase.run(SocketProcessorBase.java:49)
	at java.base/java.util.concurrent.ThreadPoolExecutor.runWorker(ThreadPoolExecutor.java:1130)
	at java.base/java.util.concurrent.ThreadPoolExecutor$Worker.run(ThreadPoolExecutor.java:630)
	at org.apache.tomcat.util.threads.TaskThread$WrappingRunnable.run(TaskThread.java:61)
	at java.base/java.lang.Thread.run(Thread.java:832)
2021-03-24 11:08:37,804 INFO  - <CONTROLLER LOGS>: getAllUsers Was Invoked From http://localhost:4200/ With User ID suErW6SwpROJaj0yoF1XloKbVM02
2021-03-24 11:08:48,798 INFO  - <CONTROLLER LOGS>: getUserByUID Was Invoked From http://localhost:4200/ With User ID suErW6SwpROJaj0yoF1XloKbVM02
2021-03-24 11:08:48,816 INFO  - <CONTROLLER LOGS>: getUserLogs Was Invoked From http://localhost:4200/ With User ID suErW6SwpROJaj0yoF1XloKbVM02
2021-03-24 11:14:00,581 INFO  - <CONTROLLER LOGS>: getUserByUID Was Invoked From http://localhost:4200/ With User ID suErW6SwpROJaj0yoF1XloKbVM02
2021-03-24 11:14:00,607 INFO  - <CONTROLLER LOGS>: getUserLogs Was Invoked From http://localhost:4200/ With User ID suErW6SwpROJaj0yoF1XloKbVM02
2021-03-24 11:15:08,002 INFO  - <CONTROLLER LOGS>: getAllUsers Was Invoked From http://localhost:4200/ With User ID suErW6SwpROJaj0yoF1XloKbVM02
2021-03-24 11:15:12,196 INFO  - <CONTROLLER LOGS>: resetPassword Was Invoked From http://localhost:4200/ With User ID suErW6SwpROJaj0yoF1XloKbVM02
2021-03-24 11:15:13,837 INFO  - <CONTROLLER LOGS>: getUserByUID Was Invoked From http://localhost:4200/ With User ID suErW6SwpROJaj0yoF1XloKbVM02
2021-03-24 11:15:13,857 INFO  - <CONTROLLER LOGS>: getUserLogs Was Invoked From http://localhost:4200/ With User ID suErW6SwpROJaj0yoF1XloKbVM02
2021-03-24 12:32:04,164 INFO  - Starting BackendApplication using Java 15.0.1 on DESKTOP-OUG9LID with PID 40456 (C:\Users\Justin\personal-workspace\DogeAdmin\backend\backend\target\classes started by Justin in C:\Users\Justin\personal-workspace\DogeAdmin\backend\backend)
2021-03-24 12:32:04,167 INFO  - No active profile set, falling back to default profiles: default
2021-03-24 12:32:05,155 INFO  - Bean 'org.springframework.security.access.expression.method.DefaultMethodSecurityExpressionHandler@554f0dfb' of type [org.springframework.security.access.expression.method.DefaultMethodSecurityExpressionHandler] is not eligible for getting processed by all BeanPostProcessors (for example: not eligible for auto-proxying)
2021-03-24 12:32:05,162 INFO  - Bean 'methodSecurityMetadataSource' of type [org.springframework.security.access.method.DelegatingMethodSecurityMetadataSource] is not eligible for getting processed by all BeanPostProcessors (for example: not eligible for auto-proxying)
2021-03-24 12:32:05,458 INFO  - Tomcat initialized with port(s): 8443 (https)
2021-03-24 12:32:05,467 INFO  - Initializing ProtocolHandler ["https-jsse-nio-8443"]
2021-03-24 12:32:05,468 INFO  - Starting service [Tomcat]
2021-03-24 12:32:05,468 INFO  - Starting Servlet engine: [Apache Tomcat/9.0.41]
2021-03-24 12:32:05,558 INFO  - Initializing Spring embedded WebApplicationContext
2021-03-24 12:32:05,558 INFO  - Root WebApplicationContext: initialization completed in 1349 ms
2021-03-24 12:32:05,801 INFO  - Initializing Firebase App...
2021-03-24 12:32:06,039 INFO  - Initializing ExecutorService 'applicationTaskExecutor'
2021-03-24 12:32:06,963 INFO  - Will secure any request with [org.springframework.security.web.context.request.async.WebAsyncManagerIntegrationFilter@433d93e7, org.springframework.security.web.context.SecurityContextPersistenceFilter@26101efc, org.springframework.security.web.header.HeaderWriterFilter@7e1d8d41, org.springframework.web.filter.CorsFilter@87aec6a, org.springframework.security.web.authentication.logout.LogoutFilter@34e990cc, org.springframework.security.oauth2.server.resource.web.BearerTokenAuthenticationFilter@22e813fc, org.springframework.security.web.savedrequest.RequestCacheAwareFilter@18dac12f, org.springframework.security.web.servletapi.SecurityContextHolderAwareRequestFilter@51b51641, org.springframework.security.web.authentication.AnonymousAuthenticationFilter@213012a0, org.springframework.security.web.session.SessionManagementFilter@70a24f9, org.springframework.security.web.access.ExceptionTranslationFilter@d76099a, org.springframework.security.web.access.intercept.FilterSecurityInterceptor@4f3fec43]
2021-03-24 12:32:06,990 INFO  - Exposing 13 endpoint(s) beneath base path '/actuator'
2021-03-24 12:32:07,022 INFO  - Starting ProtocolHandler ["https-jsse-nio-8443"]
2021-03-24 12:32:07,329 INFO  - Tomcat started on port(s): 8443 (https) with context path ''
2021-03-24 12:32:07,341 INFO  - Started BackendApplication in 3.575 seconds (JVM running for 3.921)
2021-03-24 12:32:12,278 INFO  - Initializing Spring DispatcherServlet 'dispatcherServlet'
2021-03-24 12:32:12,279 INFO  - Initializing Servlet 'dispatcherServlet'
2021-03-24 12:32:12,280 INFO  - Completed initialization in 1 ms
2021-03-24 12:32:13,016 INFO  - <CONTROLLER LOGS>: getAllUsers Was Invoked From http://localhost:4200/ With User ID suErW6SwpROJaj0yoF1XloKbVM02
2021-03-24 12:32:22,396 INFO  - <CONTROLLER LOGS>: disableUser Was Invoked From http://localhost:4200/ With User ID suErW6SwpROJaj0yoF1XloKbVM02
2021-03-24 12:32:25,116 INFO  - <CONTROLLER LOGS>: enableUser Was Invoked From http://localhost:4200/ With User ID suErW6SwpROJaj0yoF1XloKbVM02
2021-03-24 12:32:26,889 INFO  - <CONTROLLER LOGS>: disableUser Was Invoked From http://localhost:4200/ With User ID suErW6SwpROJaj0yoF1XloKbVM02
2021-03-24 12:32:28,617 INFO  - <CONTROLLER LOGS>: enableUser Was Invoked From http://localhost:4200/ With User ID suErW6SwpROJaj0yoF1XloKbVM02
2021-03-24 12:32:32,406 INFO  - <CONTROLLER LOGS>: disableUser Was Invoked From http://localhost:4200/ With User ID suErW6SwpROJaj0yoF1XloKbVM02
2021-03-24 12:32:34,291 INFO  - <CONTROLLER LOGS>: enableUser Was Invoked From http://localhost:4200/ With User ID suErW6SwpROJaj0yoF1XloKbVM02
2021-03-24 12:48:31,505 INFO  - <CONTROLLER LOGS>: resetPassword Was Invoked From http://localhost:4200/ With User ID suErW6SwpROJaj0yoF1XloKbVM02
2021-03-24 12:48:33,544 INFO  - <CONTROLLER LOGS>: getUserByUID Was Invoked From http://localhost:4200/ With User ID suErW6SwpROJaj0yoF1XloKbVM02
2021-03-24 12:48:33,575 INFO  - <CONTROLLER LOGS>: getUserLogs Was Invoked From http://localhost:4200/ With User ID suErW6SwpROJaj0yoF1XloKbVM02
2021-03-24 12:48:58,989 INFO  - <CONTROLLER LOGS>: getAllUsers Was Invoked From http://localhost:4200/ With User ID suErW6SwpROJaj0yoF1XloKbVM02
