2021-03-29 01:13:51,276 INFO  - Starting BackendApplication using Java 15.0.1 on DESKTOP-OUG9LID with PID 22800 (C:\Users\Justin\personal-workspace\DogeAdmin\backend\backend\target\classes started by Justin in C:\Users\Justin\personal-workspace\DogeAdmin\backend\backend)
2021-03-29 01:13:51,279 INFO  - No active profile set, falling back to default profiles: default
2021-03-29 01:13:52,141 INFO  - Bean 'org.springframework.security.access.expression.method.DefaultMethodSecurityExpressionHandler@7a729f84' of type [org.springframework.security.access.expression.method.DefaultMethodSecurityExpressionHandler] is not eligible for getting processed by all BeanPostProcessors (for example: not eligible for auto-proxying)
2021-03-29 01:13:52,147 INFO  - Bean 'methodSecurityMetadataSource' of type [org.springframework.security.access.method.DelegatingMethodSecurityMetadataSource] is not eligible for getting processed by all BeanPostProcessors (for example: not eligible for auto-proxying)
2021-03-29 01:13:52,376 INFO  - Tomcat initialized with port(s): 8443 (https)
2021-03-29 01:13:52,384 INFO  - Initializing ProtocolHandler ["https-jsse-nio-8443"]
2021-03-29 01:13:52,385 INFO  - Starting service [Tomcat]
2021-03-29 01:13:52,385 INFO  - Starting Servlet engine: [Apache Tomcat/9.0.41]
2021-03-29 01:13:52,466 INFO  - Initializing Spring embedded WebApplicationContext
2021-03-29 01:13:52,466 INFO  - Root WebApplicationContext: initialization completed in 1152 ms
2021-03-29 01:13:52,672 INFO  - Initializing Firebase App...
2021-03-29 01:13:52,897 INFO  - Initializing ExecutorService 'applicationTaskExecutor'
2021-03-29 01:13:53,698 INFO  - Will secure any request with [org.springframework.security.web.context.request.async.WebAsyncManagerIntegrationFilter@63e70bf9, org.springframework.security.web.context.SecurityContextPersistenceFilter@252c6cdb, org.springframework.security.web.header.HeaderWriterFilter@69a73867, org.springframework.web.filter.CorsFilter@402a69f, org.springframework.security.web.authentication.logout.LogoutFilter@393ae7a0, org.springframework.security.oauth2.server.resource.web.BearerTokenAuthenticationFilter@538aa83f, org.springframework.security.web.savedrequest.RequestCacheAwareFilter@1857fe6c, org.springframework.security.web.servletapi.SecurityContextHolderAwareRequestFilter@78bad03b, org.springframework.security.web.authentication.AnonymousAuthenticationFilter@419f0ea, org.springframework.security.web.session.SessionManagementFilter@277bc3a5, org.springframework.security.web.access.ExceptionTranslationFilter@6c70b7c3, org.springframework.security.web.access.intercept.FilterSecurityInterceptor@79d49790]
2021-03-29 01:13:53,714 INFO  - Exposing 13 endpoint(s) beneath base path '/actuator'
2021-03-29 01:13:53,735 INFO  - Starting ProtocolHandler ["https-jsse-nio-8443"]
2021-03-29 01:13:53,998 INFO  - Tomcat started on port(s): 8443 (https) with context path ''
2021-03-29 01:13:54,008 INFO  - Started BackendApplication in 3.068 seconds (JVM running for 3.367)
2021-03-29 01:15:43,082 INFO  - Initializing Spring DispatcherServlet 'dispatcherServlet'
2021-03-29 01:15:43,082 INFO  - Initializing Servlet 'dispatcherServlet'
2021-03-29 01:15:43,083 INFO  - Completed initialization in 1 ms
2021-03-29 01:16:07,976 INFO  - Starting BackendApplication using Java 15.0.1 on DESKTOP-OUG9LID with PID 27980 (C:\Users\Justin\personal-workspace\DogeAdmin\backend\backend\target\classes started by Justin in C:\Users\Justin\personal-workspace\DogeAdmin\backend\backend)
2021-03-29 01:16:07,977 INFO  - No active profile set, falling back to default profiles: default
2021-03-29 01:16:08,815 INFO  - Bean 'org.springframework.security.access.expression.method.DefaultMethodSecurityExpressionHandler@60783105' of type [org.springframework.security.access.expression.method.DefaultMethodSecurityExpressionHandler] is not eligible for getting processed by all BeanPostProcessors (for example: not eligible for auto-proxying)
2021-03-29 01:16:08,821 INFO  - Bean 'methodSecurityMetadataSource' of type [org.springframework.security.access.method.DelegatingMethodSecurityMetadataSource] is not eligible for getting processed by all BeanPostProcessors (for example: not eligible for auto-proxying)
2021-03-29 01:16:09,051 INFO  - Tomcat initialized with port(s): 8443 (https)
2021-03-29 01:16:09,059 INFO  - Initializing ProtocolHandler ["https-jsse-nio-8443"]
2021-03-29 01:16:09,060 INFO  - Starting service [Tomcat]
2021-03-29 01:16:09,060 INFO  - Starting Servlet engine: [Apache Tomcat/9.0.41]
2021-03-29 01:16:09,146 INFO  - Initializing Spring embedded WebApplicationContext
2021-03-29 01:16:09,146 INFO  - Root WebApplicationContext: initialization completed in 1133 ms
2021-03-29 01:16:09,348 INFO  - Initializing Firebase App...
2021-03-29 01:16:09,551 INFO  - Initializing ExecutorService 'applicationTaskExecutor'
2021-03-29 01:16:10,297 INFO  - Will secure any request with [org.springframework.security.web.context.request.async.WebAsyncManagerIntegrationFilter@538aa83f, org.springframework.security.web.context.SecurityContextPersistenceFilter@214fba74, org.springframework.security.web.header.HeaderWriterFilter@16a09809, org.springframework.web.filter.CorsFilter@63e70bf9, org.springframework.security.web.authentication.logout.LogoutFilter@4aac81ca, org.springframework.security.oauth2.server.resource.web.BearerTokenAuthenticationFilter@10f20d38, org.springframework.security.web.savedrequest.RequestCacheAwareFilter@61c87f1b, org.springframework.security.web.servletapi.SecurityContextHolderAwareRequestFilter@70a24f9, org.springframework.security.web.authentication.AnonymousAuthenticationFilter@402a69f, org.springframework.security.web.session.SessionManagementFilter@359e27d2, org.springframework.security.web.access.ExceptionTranslationFilter@dd20ebc, org.springframework.security.web.access.intercept.FilterSecurityInterceptor@7f2ca6f8]
2021-03-29 01:16:10,314 INFO  - Exposing 13 endpoint(s) beneath base path '/actuator'
2021-03-29 01:16:10,337 INFO  - Starting ProtocolHandler ["https-jsse-nio-8443"]
2021-03-29 01:16:10,592 INFO  - Tomcat started on port(s): 8443 (https) with context path ''
2021-03-29 01:16:10,602 INFO  - Started BackendApplication in 2.941 seconds (JVM running for 3.243)
2021-03-29 01:16:14,391 INFO  - Initializing Spring DispatcherServlet 'dispatcherServlet'
2021-03-29 01:16:14,391 INFO  - Initializing Servlet 'dispatcherServlet'
2021-03-29 01:16:14,392 INFO  - Completed initialization in 0 ms
2021-03-29 01:16:14,948 ERROR - Servlet.service() for servlet [dispatcherServlet] in context with path [] threw exception [Request processing failed; nested exception is java.lang.NullPointerException: Cannot invoke "String.split(String)" because "bearerToken" is null] with root cause
java.lang.NullPointerException: Cannot invoke "String.split(String)" because "bearerToken" is null
	at com.dogeadmin.backend.security.TokenConverter.stripBearer(TokenConverter.java:7)
	at com.dogeadmin.backend.aspects.ControllerAspect.logAfter(ControllerAspect.java:39)
	at java.base/jdk.internal.reflect.NativeMethodAccessorImpl.invoke0(Native Method)
	at java.base/jdk.internal.reflect.NativeMethodAccessorImpl.invoke(NativeMethodAccessorImpl.java:64)
	at java.base/jdk.internal.reflect.DelegatingMethodAccessorImpl.invoke(DelegatingMethodAccessorImpl.java:43)
	at java.base/java.lang.reflect.Method.invoke(Method.java:564)
	at org.springframework.aop.aspectj.AbstractAspectJAdvice.invokeAdviceMethodWithGivenArgs(AbstractAspectJAdvice.java:634)
	at org.springframework.aop.aspectj.AbstractAspectJAdvice.invokeAdviceMethod(AbstractAspectJAdvice.java:617)
	at org.springframework.aop.aspectj.AspectJAfterAdvice.invoke(AspectJAfterAdvice.java:52)
	at org.springframework.aop.framework.ReflectiveMethodInvocation.proceed(ReflectiveMethodInvocation.java:186)
	at org.springframework.aop.framework.CglibAopProxy$CglibMethodInvocation.proceed(CglibAopProxy.java:749)
	at org.springframework.aop.interceptor.ExposeInvocationInterceptor.invoke(ExposeInvocationInterceptor.java:97)
	at org.springframework.aop.framework.ReflectiveMethodInvocation.proceed(ReflectiveMethodInvocation.java:186)
	at org.springframework.aop.framework.CglibAopProxy$CglibMethodInvocation.proceed(CglibAopProxy.java:749)
	at org.springframework.aop.framework.CglibAopProxy$DynamicAdvisedInterceptor.intercept(CglibAopProxy.java:691)
	at com.dogeadmin.backend.controller.UserController$$EnhancerBySpringCGLIB$$1296a1cd.getAllUsers(<generated>)
	at java.base/jdk.internal.reflect.NativeMethodAccessorImpl.invoke0(Native Method)
	at java.base/jdk.internal.reflect.NativeMethodAccessorImpl.invoke(NativeMethodAccessorImpl.java:64)
	at java.base/jdk.internal.reflect.DelegatingMethodAccessorImpl.invoke(DelegatingMethodAccessorImpl.java:43)
	at java.base/java.lang.reflect.Method.invoke(Method.java:564)
	at org.springframework.web.method.support.InvocableHandlerMethod.doInvoke(InvocableHandlerMethod.java:197)
	at org.springframework.web.method.support.InvocableHandlerMethod.invokeForRequest(InvocableHandlerMethod.java:141)
	at org.springframework.web.servlet.mvc.method.annotation.ServletInvocableHandlerMethod.invokeAndHandle(ServletInvocableHandlerMethod.java:106)
	at org.springframework.web.servlet.mvc.method.annotation.RequestMappingHandlerAdapter.invokeHandlerMethod(RequestMappingHandlerAdapter.java:894)
	at org.springframework.web.servlet.mvc.method.annotation.RequestMappingHandlerAdapter.handleInternal(RequestMappingHandlerAdapter.java:808)
	at org.springframework.web.servlet.mvc.method.AbstractHandlerMethodAdapter.handle(AbstractHandlerMethodAdapter.java:87)
	at org.springframework.web.servlet.DispatcherServlet.doDispatch(DispatcherServlet.java:1061)
	at org.springframework.web.servlet.DispatcherServlet.doService(DispatcherServlet.java:961)
	at org.springframework.web.servlet.FrameworkServlet.processRequest(FrameworkServlet.java:1006)
	at org.springframework.web.servlet.FrameworkServlet.doGet(FrameworkServlet.java:898)
	at javax.servlet.http.HttpServlet.service(HttpServlet.java:626)
	at org.springframework.web.servlet.FrameworkServlet.service(FrameworkServlet.java:883)
	at javax.servlet.http.HttpServlet.service(HttpServlet.java:733)
	at org.apache.catalina.core.ApplicationFilterChain.internalDoFilter(ApplicationFilterChain.java:231)
	at org.apache.catalina.core.ApplicationFilterChain.doFilter(ApplicationFilterChain.java:166)
	at org.apache.tomcat.websocket.server.WsFilter.doFilter(WsFilter.java:53)
	at org.apache.catalina.core.ApplicationFilterChain.internalDoFilter(ApplicationFilterChain.java:193)
	at org.apache.catalina.core.ApplicationFilterChain.doFilter(ApplicationFilterChain.java:166)
	at org.springframework.security.web.FilterChainProxy$VirtualFilterChain.doFilter(FilterChainProxy.java:327)
	at org.springframework.security.web.access.intercept.FilterSecurityInterceptor.invoke(FilterSecurityInterceptor.java:115)
	at org.springframework.security.web.access.intercept.FilterSecurityInterceptor.doFilter(FilterSecurityInterceptor.java:81)
	at org.springframework.security.web.FilterChainProxy$VirtualFilterChain.doFilter(FilterChainProxy.java:336)
	at org.springframework.security.web.access.ExceptionTranslationFilter.doFilter(ExceptionTranslationFilter.java:119)
	at org.springframework.security.web.access.ExceptionTranslationFilter.doFilter(ExceptionTranslationFilter.java:113)
	at org.springframework.security.web.FilterChainProxy$VirtualFilterChain.doFilter(FilterChainProxy.java:336)
	at org.springframework.security.web.session.SessionManagementFilter.doFilter(SessionManagementFilter.java:126)
	at org.springframework.security.web.session.SessionManagementFilter.doFilter(SessionManagementFilter.java:81)
	at org.springframework.security.web.FilterChainProxy$VirtualFilterChain.doFilter(FilterChainProxy.java:336)
	at org.springframework.security.web.authentication.AnonymousAuthenticationFilter.doFilter(AnonymousAuthenticationFilter.java:105)
	at org.springframework.security.web.FilterChainProxy$VirtualFilterChain.doFilter(FilterChainProxy.java:336)
	at org.springframework.security.web.servletapi.SecurityContextHolderAwareRequestFilter.doFilter(SecurityContextHolderAwareRequestFilter.java:149)
	at org.springframework.security.web.FilterChainProxy$VirtualFilterChain.doFilter(FilterChainProxy.java:336)
	at org.springframework.security.web.savedrequest.RequestCacheAwareFilter.doFilter(RequestCacheAwareFilter.java:63)
	at org.springframework.security.web.FilterChainProxy$VirtualFilterChain.doFilter(FilterChainProxy.java:336)
	at org.springframework.security.oauth2.server.resource.web.BearerTokenAuthenticationFilter.doFilterInternal(BearerTokenAuthenticationFilter.java:115)
	at org.springframework.web.filter.OncePerRequestFilter.doFilter(OncePerRequestFilter.java:119)
	at org.springframework.security.web.FilterChainProxy$VirtualFilterChain.doFilter(FilterChainProxy.java:336)
	at org.springframework.security.web.authentication.logout.LogoutFilter.doFilter(LogoutFilter.java:103)
	at org.springframework.security.web.authentication.logout.LogoutFilter.doFilter(LogoutFilter.java:89)
	at org.springframework.security.web.FilterChainProxy$VirtualFilterChain.doFilter(FilterChainProxy.java:336)
	at org.springframework.web.filter.CorsFilter.doFilterInternal(CorsFilter.java:91)
	at org.springframework.web.filter.OncePerRequestFilter.doFilter(OncePerRequestFilter.java:119)
	at org.springframework.security.web.FilterChainProxy$VirtualFilterChain.doFilter(FilterChainProxy.java:336)
	at org.springframework.security.web.header.HeaderWriterFilter.doHeadersAfter(HeaderWriterFilter.java:90)
	at org.springframework.security.web.header.HeaderWriterFilter.doFilterInternal(HeaderWriterFilter.java:75)
	at org.springframework.web.filter.OncePerRequestFilter.doFilter(OncePerRequestFilter.java:119)
	at org.springframework.security.web.FilterChainProxy$VirtualFilterChain.doFilter(FilterChainProxy.java:336)
	at org.springframework.security.web.context.SecurityContextPersistenceFilter.doFilter(SecurityContextPersistenceFilter.java:110)
	at org.springframework.security.web.context.SecurityContextPersistenceFilter.doFilter(SecurityContextPersistenceFilter.java:80)
	at org.springframework.security.web.FilterChainProxy$VirtualFilterChain.doFilter(FilterChainProxy.java:336)
	at org.springframework.security.web.context.request.async.WebAsyncManagerIntegrationFilter.doFilterInternal(WebAsyncManagerIntegrationFilter.java:55)
	at org.springframework.web.filter.OncePerRequestFilter.doFilter(OncePerRequestFilter.java:119)
	at org.springframework.security.web.FilterChainProxy$VirtualFilterChain.doFilter(FilterChainProxy.java:336)
	at org.springframework.security.web.FilterChainProxy.doFilterInternal(FilterChainProxy.java:211)
	at org.springframework.security.web.FilterChainProxy.doFilter(FilterChainProxy.java:183)
	at org.springframework.web.filter.DelegatingFilterProxy.invokeDelegate(DelegatingFilterProxy.java:358)
	at org.springframework.web.filter.DelegatingFilterProxy.doFilter(DelegatingFilterProxy.java:271)
	at org.apache.catalina.core.ApplicationFilterChain.internalDoFilter(ApplicationFilterChain.java:193)
	at org.apache.catalina.core.ApplicationFilterChain.doFilter(ApplicationFilterChain.java:166)
	at org.springframework.web.filter.RequestContextFilter.doFilterInternal(RequestContextFilter.java:100)
	at org.springframework.web.filter.OncePerRequestFilter.doFilter(OncePerRequestFilter.java:119)
	at org.apache.catalina.core.ApplicationFilterChain.internalDoFilter(ApplicationFilterChain.java:193)
	at org.apache.catalina.core.ApplicationFilterChain.doFilter(ApplicationFilterChain.java:166)
	at org.springframework.web.filter.FormContentFilter.doFilterInternal(FormContentFilter.java:93)
	at org.springframework.web.filter.OncePerRequestFilter.doFilter(OncePerRequestFilter.java:119)
	at org.apache.catalina.core.ApplicationFilterChain.internalDoFilter(ApplicationFilterChain.java:193)
	at org.apache.catalina.core.ApplicationFilterChain.doFilter(ApplicationFilterChain.java:166)
	at org.springframework.boot.actuate.metrics.web.servlet.WebMvcMetricsFilter.doFilterInternal(WebMvcMetricsFilter.java:93)
	at org.springframework.web.filter.OncePerRequestFilter.doFilter(OncePerRequestFilter.java:119)
	at org.apache.catalina.core.ApplicationFilterChain.internalDoFilter(ApplicationFilterChain.java:193)
	at org.apache.catalina.core.ApplicationFilterChain.doFilter(ApplicationFilterChain.java:166)
	at org.springframework.web.filter.CharacterEncodingFilter.doFilterInternal(CharacterEncodingFilter.java:201)
	at org.springframework.web.filter.OncePerRequestFilter.doFilter(OncePerRequestFilter.java:119)
	at org.apache.catalina.core.ApplicationFilterChain.internalDoFilter(ApplicationFilterChain.java:193)
	at org.apache.catalina.core.ApplicationFilterChain.doFilter(ApplicationFilterChain.java:166)
	at org.apache.catalina.core.StandardWrapperValve.invoke(StandardWrapperValve.java:202)
	at org.apache.catalina.core.StandardContextValve.invoke(StandardContextValve.java:97)
	at org.apache.catalina.authenticator.AuthenticatorBase.invoke(AuthenticatorBase.java:542)
	at org.apache.catalina.core.StandardHostValve.invoke(StandardHostValve.java:143)
	at org.apache.catalina.valves.ErrorReportValve.invoke(ErrorReportValve.java:92)
	at org.apache.catalina.core.StandardEngineValve.invoke(StandardEngineValve.java:78)
	at org.apache.catalina.connector.CoyoteAdapter.service(CoyoteAdapter.java:343)
	at org.apache.coyote.http11.Http11Processor.service(Http11Processor.java:374)
	at org.apache.coyote.AbstractProcessorLight.process(AbstractProcessorLight.java:65)
	at org.apache.coyote.AbstractProtocol$ConnectionHandler.process(AbstractProtocol.java:888)
	at org.apache.tomcat.util.net.NioEndpoint$SocketProcessor.doRun(NioEndpoint.java:1597)
	at org.apache.tomcat.util.net.SocketProcessorBase.run(SocketProcessorBase.java:49)
	at java.base/java.util.concurrent.ThreadPoolExecutor.runWorker(ThreadPoolExecutor.java:1130)
	at java.base/java.util.concurrent.ThreadPoolExecutor$Worker.run(ThreadPoolExecutor.java:630)
	at org.apache.tomcat.util.threads.TaskThread$WrappingRunnable.run(TaskThread.java:61)
	at java.base/java.lang.Thread.run(Thread.java:832)
2021-03-29 01:17:16,213 ERROR - Servlet.service() for servlet [dispatcherServlet] in context with path [] threw exception [Request processing failed; nested exception is java.lang.NullPointerException: Cannot invoke "String.split(String)" because "bearerToken" is null] with root cause
java.lang.NullPointerException: Cannot invoke "String.split(String)" because "bearerToken" is null
	at com.dogeadmin.backend.security.TokenConverter.stripBearer(TokenConverter.java:7)
	at com.dogeadmin.backend.aspects.ControllerAspect.logAfter(ControllerAspect.java:39)
	at java.base/jdk.internal.reflect.NativeMethodAccessorImpl.invoke0(Native Method)
	at java.base/jdk.internal.reflect.NativeMethodAccessorImpl.invoke(NativeMethodAccessorImpl.java:64)
	at java.base/jdk.internal.reflect.DelegatingMethodAccessorImpl.invoke(DelegatingMethodAccessorImpl.java:43)
	at java.base/java.lang.reflect.Method.invoke(Method.java:564)
	at org.springframework.aop.aspectj.AbstractAspectJAdvice.invokeAdviceMethodWithGivenArgs(AbstractAspectJAdvice.java:634)
	at org.springframework.aop.aspectj.AbstractAspectJAdvice.invokeAdviceMethod(AbstractAspectJAdvice.java:617)
	at org.springframework.aop.aspectj.AspectJAfterAdvice.invoke(AspectJAfterAdvice.java:52)
	at org.springframework.aop.framework.ReflectiveMethodInvocation.proceed(ReflectiveMethodInvocation.java:186)
	at org.springframework.aop.framework.CglibAopProxy$CglibMethodInvocation.proceed(CglibAopProxy.java:749)
	at org.springframework.aop.interceptor.ExposeInvocationInterceptor.invoke(ExposeInvocationInterceptor.java:97)
	at org.springframework.aop.framework.ReflectiveMethodInvocation.proceed(ReflectiveMethodInvocation.java:186)
	at org.springframework.aop.framework.CglibAopProxy$CglibMethodInvocation.proceed(CglibAopProxy.java:749)
	at org.springframework.aop.framework.CglibAopProxy$DynamicAdvisedInterceptor.intercept(CglibAopProxy.java:691)
	at com.dogeadmin.backend.controller.UserController$$EnhancerBySpringCGLIB$$1296a1cd.getAllUsers(<generated>)
	at java.base/jdk.internal.reflect.NativeMethodAccessorImpl.invoke0(Native Method)
	at java.base/jdk.internal.reflect.NativeMethodAccessorImpl.invoke(NativeMethodAccessorImpl.java:64)
	at java.base/jdk.internal.reflect.DelegatingMethodAccessorImpl.invoke(DelegatingMethodAccessorImpl.java:43)
	at java.base/java.lang.reflect.Method.invoke(Method.java:564)
	at org.springframework.web.method.support.InvocableHandlerMethod.doInvoke(InvocableHandlerMethod.java:197)
	at org.springframework.web.method.support.InvocableHandlerMethod.invokeForRequest(InvocableHandlerMethod.java:141)
	at org.springframework.web.servlet.mvc.method.annotation.ServletInvocableHandlerMethod.invokeAndHandle(ServletInvocableHandlerMethod.java:106)
	at org.springframework.web.servlet.mvc.method.annotation.RequestMappingHandlerAdapter.invokeHandlerMethod(RequestMappingHandlerAdapter.java:894)
	at org.springframework.web.servlet.mvc.method.annotation.RequestMappingHandlerAdapter.handleInternal(RequestMappingHandlerAdapter.java:808)
	at org.springframework.web.servlet.mvc.method.AbstractHandlerMethodAdapter.handle(AbstractHandlerMethodAdapter.java:87)
	at org.springframework.web.servlet.DispatcherServlet.doDispatch(DispatcherServlet.java:1061)
	at org.springframework.web.servlet.DispatcherServlet.doService(DispatcherServlet.java:961)
	at org.springframework.web.servlet.FrameworkServlet.processRequest(FrameworkServlet.java:1006)
	at org.springframework.web.servlet.FrameworkServlet.doGet(FrameworkServlet.java:898)
	at javax.servlet.http.HttpServlet.service(HttpServlet.java:626)
	at org.springframework.web.servlet.FrameworkServlet.service(FrameworkServlet.java:883)
	at javax.servlet.http.HttpServlet.service(HttpServlet.java:733)
	at org.apache.catalina.core.ApplicationFilterChain.internalDoFilter(ApplicationFilterChain.java:231)
	at org.apache.catalina.core.ApplicationFilterChain.doFilter(ApplicationFilterChain.java:166)
	at org.apache.tomcat.websocket.server.WsFilter.doFilter(WsFilter.java:53)
	at org.apache.catalina.core.ApplicationFilterChain.internalDoFilter(ApplicationFilterChain.java:193)
	at org.apache.catalina.core.ApplicationFilterChain.doFilter(ApplicationFilterChain.java:166)
	at org.springframework.security.web.FilterChainProxy$VirtualFilterChain.doFilter(FilterChainProxy.java:327)
	at org.springframework.security.web.access.intercept.FilterSecurityInterceptor.invoke(FilterSecurityInterceptor.java:115)
	at org.springframework.security.web.access.intercept.FilterSecurityInterceptor.doFilter(FilterSecurityInterceptor.java:81)
	at org.springframework.security.web.FilterChainProxy$VirtualFilterChain.doFilter(FilterChainProxy.java:336)
	at org.springframework.security.web.access.ExceptionTranslationFilter.doFilter(ExceptionTranslationFilter.java:119)
	at org.springframework.security.web.access.ExceptionTranslationFilter.doFilter(ExceptionTranslationFilter.java:113)
	at org.springframework.security.web.FilterChainProxy$VirtualFilterChain.doFilter(FilterChainProxy.java:336)
	at org.springframework.security.web.session.SessionManagementFilter.doFilter(SessionManagementFilter.java:126)
	at org.springframework.security.web.session.SessionManagementFilter.doFilter(SessionManagementFilter.java:81)
	at org.springframework.security.web.FilterChainProxy$VirtualFilterChain.doFilter(FilterChainProxy.java:336)
	at org.springframework.security.web.authentication.AnonymousAuthenticationFilter.doFilter(AnonymousAuthenticationFilter.java:105)
	at org.springframework.security.web.FilterChainProxy$VirtualFilterChain.doFilter(FilterChainProxy.java:336)
	at org.springframework.security.web.servletapi.SecurityContextHolderAwareRequestFilter.doFilter(SecurityContextHolderAwareRequestFilter.java:149)
	at org.springframework.security.web.FilterChainProxy$VirtualFilterChain.doFilter(FilterChainProxy.java:336)
	at org.springframework.security.web.savedrequest.RequestCacheAwareFilter.doFilter(RequestCacheAwareFilter.java:63)
	at org.springframework.security.web.FilterChainProxy$VirtualFilterChain.doFilter(FilterChainProxy.java:336)
	at org.springframework.security.oauth2.server.resource.web.BearerTokenAuthenticationFilter.doFilterInternal(BearerTokenAuthenticationFilter.java:115)
	at org.springframework.web.filter.OncePerRequestFilter.doFilter(OncePerRequestFilter.java:119)
	at org.springframework.security.web.FilterChainProxy$VirtualFilterChain.doFilter(FilterChainProxy.java:336)
	at org.springframework.security.web.authentication.logout.LogoutFilter.doFilter(LogoutFilter.java:103)
	at org.springframework.security.web.authentication.logout.LogoutFilter.doFilter(LogoutFilter.java:89)
	at org.springframework.security.web.FilterChainProxy$VirtualFilterChain.doFilter(FilterChainProxy.java:336)
	at org.springframework.web.filter.CorsFilter.doFilterInternal(CorsFilter.java:91)
	at org.springframework.web.filter.OncePerRequestFilter.doFilter(OncePerRequestFilter.java:119)
	at org.springframework.security.web.FilterChainProxy$VirtualFilterChain.doFilter(FilterChainProxy.java:336)
	at org.springframework.security.web.header.HeaderWriterFilter.doHeadersAfter(HeaderWriterFilter.java:90)
	at org.springframework.security.web.header.HeaderWriterFilter.doFilterInternal(HeaderWriterFilter.java:75)
	at org.springframework.web.filter.OncePerRequestFilter.doFilter(OncePerRequestFilter.java:119)
	at org.springframework.security.web.FilterChainProxy$VirtualFilterChain.doFilter(FilterChainProxy.java:336)
	at org.springframework.security.web.context.SecurityContextPersistenceFilter.doFilter(SecurityContextPersistenceFilter.java:110)
	at org.springframework.security.web.context.SecurityContextPersistenceFilter.doFilter(SecurityContextPersistenceFilter.java:80)
	at org.springframework.security.web.FilterChainProxy$VirtualFilterChain.doFilter(FilterChainProxy.java:336)
	at org.springframework.security.web.context.request.async.WebAsyncManagerIntegrationFilter.doFilterInternal(WebAsyncManagerIntegrationFilter.java:55)
	at org.springframework.web.filter.OncePerRequestFilter.doFilter(OncePerRequestFilter.java:119)
	at org.springframework.security.web.FilterChainProxy$VirtualFilterChain.doFilter(FilterChainProxy.java:336)
	at org.springframework.security.web.FilterChainProxy.doFilterInternal(FilterChainProxy.java:211)
	at org.springframework.security.web.FilterChainProxy.doFilter(FilterChainProxy.java:183)
	at org.springframework.web.filter.DelegatingFilterProxy.invokeDelegate(DelegatingFilterProxy.java:358)
	at org.springframework.web.filter.DelegatingFilterProxy.doFilter(DelegatingFilterProxy.java:271)
	at org.apache.catalina.core.ApplicationFilterChain.internalDoFilter(ApplicationFilterChain.java:193)
	at org.apache.catalina.core.ApplicationFilterChain.doFilter(ApplicationFilterChain.java:166)
	at org.springframework.web.filter.RequestContextFilter.doFilterInternal(RequestContextFilter.java:100)
	at org.springframework.web.filter.OncePerRequestFilter.doFilter(OncePerRequestFilter.java:119)
	at org.apache.catalina.core.ApplicationFilterChain.internalDoFilter(ApplicationFilterChain.java:193)
	at org.apache.catalina.core.ApplicationFilterChain.doFilter(ApplicationFilterChain.java:166)
	at org.springframework.web.filter.FormContentFilter.doFilterInternal(FormContentFilter.java:93)
	at org.springframework.web.filter.OncePerRequestFilter.doFilter(OncePerRequestFilter.java:119)
	at org.apache.catalina.core.ApplicationFilterChain.internalDoFilter(ApplicationFilterChain.java:193)
	at org.apache.catalina.core.ApplicationFilterChain.doFilter(ApplicationFilterChain.java:166)
	at org.springframework.boot.actuate.metrics.web.servlet.WebMvcMetricsFilter.doFilterInternal(WebMvcMetricsFilter.java:93)
	at org.springframework.web.filter.OncePerRequestFilter.doFilter(OncePerRequestFilter.java:119)
	at org.apache.catalina.core.ApplicationFilterChain.internalDoFilter(ApplicationFilterChain.java:193)
	at org.apache.catalina.core.ApplicationFilterChain.doFilter(ApplicationFilterChain.java:166)
	at org.springframework.web.filter.CharacterEncodingFilter.doFilterInternal(CharacterEncodingFilter.java:201)
	at org.springframework.web.filter.OncePerRequestFilter.doFilter(OncePerRequestFilter.java:119)
	at org.apache.catalina.core.ApplicationFilterChain.internalDoFilter(ApplicationFilterChain.java:193)
	at org.apache.catalina.core.ApplicationFilterChain.doFilter(ApplicationFilterChain.java:166)
	at org.apache.catalina.core.StandardWrapperValve.invoke(StandardWrapperValve.java:202)
	at org.apache.catalina.core.StandardContextValve.invoke(StandardContextValve.java:97)
	at org.apache.catalina.authenticator.AuthenticatorBase.invoke(AuthenticatorBase.java:542)
	at org.apache.catalina.core.StandardHostValve.invoke(StandardHostValve.java:143)
	at org.apache.catalina.valves.ErrorReportValve.invoke(ErrorReportValve.java:92)
	at org.apache.catalina.core.StandardEngineValve.invoke(StandardEngineValve.java:78)
	at org.apache.catalina.connector.CoyoteAdapter.service(CoyoteAdapter.java:343)
	at org.apache.coyote.http11.Http11Processor.service(Http11Processor.java:374)
	at org.apache.coyote.AbstractProcessorLight.process(AbstractProcessorLight.java:65)
	at org.apache.coyote.AbstractProtocol$ConnectionHandler.process(AbstractProtocol.java:888)
	at org.apache.tomcat.util.net.NioEndpoint$SocketProcessor.doRun(NioEndpoint.java:1597)
	at org.apache.tomcat.util.net.SocketProcessorBase.run(SocketProcessorBase.java:49)
	at java.base/java.util.concurrent.ThreadPoolExecutor.runWorker(ThreadPoolExecutor.java:1130)
	at java.base/java.util.concurrent.ThreadPoolExecutor$Worker.run(ThreadPoolExecutor.java:630)
	at org.apache.tomcat.util.threads.TaskThread$WrappingRunnable.run(TaskThread.java:61)
	at java.base/java.lang.Thread.run(Thread.java:832)
2021-03-29 01:17:39,370 INFO  - Starting BackendApplication using Java 15.0.1 on DESKTOP-OUG9LID with PID 26528 (C:\Users\Justin\personal-workspace\DogeAdmin\backend\backend\target\classes started by Justin in C:\Users\Justin\personal-workspace\DogeAdmin\backend\backend)
2021-03-29 01:17:39,371 INFO  - No active profile set, falling back to default profiles: default
2021-03-29 01:17:40,133 INFO  - Bean 'org.springframework.security.access.expression.method.DefaultMethodSecurityExpressionHandler@e8e0dec' of type [org.springframework.security.access.expression.method.DefaultMethodSecurityExpressionHandler] is not eligible for getting processed by all BeanPostProcessors (for example: not eligible for auto-proxying)
2021-03-29 01:17:40,140 INFO  - Bean 'methodSecurityMetadataSource' of type [org.springframework.security.access.method.DelegatingMethodSecurityMetadataSource] is not eligible for getting processed by all BeanPostProcessors (for example: not eligible for auto-proxying)
2021-03-29 01:17:40,369 INFO  - Tomcat initialized with port(s): 8443 (https)
2021-03-29 01:17:40,377 INFO  - Initializing ProtocolHandler ["https-jsse-nio-8443"]
2021-03-29 01:17:40,377 INFO  - Starting service [Tomcat]
2021-03-29 01:17:40,377 INFO  - Starting Servlet engine: [Apache Tomcat/9.0.41]
2021-03-29 01:17:40,469 INFO  - Initializing Spring embedded WebApplicationContext
2021-03-29 01:17:40,470 INFO  - Root WebApplicationContext: initialization completed in 1065 ms
2021-03-29 01:17:40,621 INFO  - Initializing Firebase App...
2021-03-29 01:17:40,813 INFO  - Initializing ExecutorService 'applicationTaskExecutor'
2021-03-29 01:17:41,528 INFO  - Will secure any request with [org.springframework.security.web.context.request.async.WebAsyncManagerIntegrationFilter@601d295, org.springframework.security.web.context.SecurityContextPersistenceFilter@543b0737, org.springframework.security.web.header.HeaderWriterFilter@5ed65e4b, org.springframework.web.filter.CorsFilter@485451d8, org.springframework.security.web.authentication.logout.LogoutFilter@74ebd159, org.springframework.security.oauth2.server.resource.web.BearerTokenAuthenticationFilter@1a84a8b2, org.springframework.security.web.savedrequest.RequestCacheAwareFilter@48632f69, org.springframework.security.web.servletapi.SecurityContextHolderAwareRequestFilter@7757a37f, org.springframework.security.web.authentication.AnonymousAuthenticationFilter@35e07e19, org.springframework.security.web.session.SessionManagementFilter@1e471884, org.springframework.security.web.access.ExceptionTranslationFilter@3f06ebe0, org.springframework.security.web.access.intercept.FilterSecurityInterceptor@2eb6d34a]
2021-03-29 01:17:41,545 INFO  - Exposing 13 endpoint(s) beneath base path '/actuator'
2021-03-29 01:17:41,568 INFO  - Starting ProtocolHandler ["https-jsse-nio-8443"]
2021-03-29 01:17:41,883 INFO  - Tomcat started on port(s): 8443 (https) with context path ''
2021-03-29 01:17:41,893 INFO  - Started BackendApplication in 2.834 seconds (JVM running for 3.133)
2021-03-29 01:17:43,811 INFO  - Initializing Spring DispatcherServlet 'dispatcherServlet'
2021-03-29 01:17:43,812 INFO  - Initializing Servlet 'dispatcherServlet'
2021-03-29 01:17:43,813 INFO  - Completed initialization in 1 ms
2021-03-29 01:26:02,425 INFO  - Starting BackendApplication using Java 15.0.1 on DESKTOP-OUG9LID with PID 17756 (C:\Users\Justin\personal-workspace\DogeAdmin\backend\backend\target\classes started by Justin in C:\Users\Justin\personal-workspace\DogeAdmin\backend\backend)
2021-03-29 01:26:02,431 INFO  - No active profile set, falling back to default profiles: default
2021-03-29 01:26:03,195 INFO  - Bean 'org.springframework.security.access.expression.method.DefaultMethodSecurityExpressionHandler@2ab0702e' of type [org.springframework.security.access.expression.method.DefaultMethodSecurityExpressionHandler] is not eligible for getting processed by all BeanPostProcessors (for example: not eligible for auto-proxying)
2021-03-29 01:26:03,202 INFO  - Bean 'methodSecurityMetadataSource' of type [org.springframework.security.access.method.DelegatingMethodSecurityMetadataSource] is not eligible for getting processed by all BeanPostProcessors (for example: not eligible for auto-proxying)
2021-03-29 01:26:03,429 INFO  - Tomcat initialized with port(s): 8443 (https)
2021-03-29 01:26:03,436 INFO  - Initializing ProtocolHandler ["https-jsse-nio-8443"]
2021-03-29 01:26:03,437 INFO  - Starting service [Tomcat]
2021-03-29 01:26:03,437 INFO  - Starting Servlet engine: [Apache Tomcat/9.0.41]
2021-03-29 01:26:03,517 INFO  - Initializing Spring embedded WebApplicationContext
2021-03-29 01:26:03,518 INFO  - Root WebApplicationContext: initialization completed in 1057 ms
2021-03-29 01:26:03,707 INFO  - Initializing Firebase App...
2021-03-29 01:26:03,906 INFO  - Initializing ExecutorService 'applicationTaskExecutor'
2021-03-29 01:26:04,688 INFO  - Will secure any request with [org.springframework.security.web.context.request.async.WebAsyncManagerIntegrationFilter@260d48f5, org.springframework.security.web.context.SecurityContextPersistenceFilter@297bd171, org.springframework.security.web.header.HeaderWriterFilter@63cf578f, org.springframework.web.filter.CorsFilter@148ab138, org.springframework.security.web.authentication.logout.LogoutFilter@42ecc554, org.springframework.security.oauth2.server.resource.web.BearerTokenAuthenticationFilter@3e39e0fb, org.springframework.security.web.savedrequest.RequestCacheAwareFilter@4cc26df, org.springframework.security.web.servletapi.SecurityContextHolderAwareRequestFilter@27261190, org.springframework.security.web.authentication.AnonymousAuthenticationFilter@6f106af8, org.springframework.security.web.session.SessionManagementFilter@2c77344f, org.springframework.security.web.access.ExceptionTranslationFilter@4b3ad7ca, org.springframework.security.web.access.intercept.FilterSecurityInterceptor@15e8c040]
2021-03-29 01:26:04,704 INFO  - Exposing 13 endpoint(s) beneath base path '/actuator'
2021-03-29 01:26:04,726 INFO  - Starting ProtocolHandler ["https-jsse-nio-8443"]
2021-03-29 01:26:05,053 INFO  - Tomcat started on port(s): 8443 (https) with context path ''
2021-03-29 01:26:05,063 INFO  - Started BackendApplication in 2.944 seconds (JVM running for 3.245)
2021-03-29 01:27:02,336 INFO  - Initializing Spring DispatcherServlet 'dispatcherServlet'
2021-03-29 01:27:02,336 INFO  - Initializing Servlet 'dispatcherServlet'
2021-03-29 01:27:02,337 INFO  - Completed initialization in 1 ms
2021-03-29 01:37:02,457 INFO  - Starting BackendApplication using Java 15.0.1 on DESKTOP-OUG9LID with PID 26516 (C:\Users\Justin\personal-workspace\DogeAdmin\backend\backend\target\classes started by Justin in C:\Users\Justin\personal-workspace\DogeAdmin\backend\backend)
2021-03-29 01:37:02,459 INFO  - No active profile set, falling back to default profiles: default
2021-03-29 01:37:03,304 INFO  - Bean 'org.springframework.security.access.expression.method.DefaultMethodSecurityExpressionHandler@554f0dfb' of type [org.springframework.security.access.expression.method.DefaultMethodSecurityExpressionHandler] is not eligible for getting processed by all BeanPostProcessors (for example: not eligible for auto-proxying)
2021-03-29 01:37:03,311 INFO  - Bean 'methodSecurityMetadataSource' of type [org.springframework.security.access.method.DelegatingMethodSecurityMetadataSource] is not eligible for getting processed by all BeanPostProcessors (for example: not eligible for auto-proxying)
2021-03-29 01:37:03,534 INFO  - Tomcat initialized with port(s): 8443 (https)
2021-03-29 01:37:03,541 INFO  - Initializing ProtocolHandler ["https-jsse-nio-8443"]
2021-03-29 01:37:03,542 INFO  - Starting service [Tomcat]
2021-03-29 01:37:03,542 INFO  - Starting Servlet engine: [Apache Tomcat/9.0.41]
2021-03-29 01:37:03,624 INFO  - Initializing Spring embedded WebApplicationContext
2021-03-29 01:37:03,624 INFO  - Root WebApplicationContext: initialization completed in 1132 ms
2021-03-29 01:37:03,852 INFO  - Initializing Firebase App...
2021-03-29 01:37:04,053 INFO  - Initializing ExecutorService 'applicationTaskExecutor'
2021-03-29 01:37:04,832 INFO  - Will secure any request with [org.springframework.security.web.context.request.async.WebAsyncManagerIntegrationFilter@2ffb0d10, org.springframework.security.web.context.SecurityContextPersistenceFilter@47f0f414, org.springframework.security.web.header.HeaderWriterFilter@5b7ee56c, org.springframework.web.filter.CorsFilter@3982206a, org.springframework.security.web.authentication.logout.LogoutFilter@9f1ca74, org.springframework.security.oauth2.server.resource.web.BearerTokenAuthenticationFilter@5fe5c68b, org.springframework.security.web.savedrequest.RequestCacheAwareFilter@4809c771, org.springframework.security.web.servletapi.SecurityContextHolderAwareRequestFilter@252c6cdb, org.springframework.security.web.authentication.AnonymousAuthenticationFilter@3e9fb485, org.springframework.security.web.session.SessionManagementFilter@401ec794, org.springframework.security.web.access.ExceptionTranslationFilter@aa0dbca, org.springframework.security.web.access.intercept.FilterSecurityInterceptor@580ffea]
2021-03-29 01:37:04,854 INFO  - Exposing 13 endpoint(s) beneath base path '/actuator'
2021-03-29 01:37:04,881 INFO  - Starting ProtocolHandler ["https-jsse-nio-8443"]
2021-03-29 01:37:05,165 INFO  - Tomcat started on port(s): 8443 (https) with context path ''
2021-03-29 01:37:05,176 INFO  - Started BackendApplication in 3.03 seconds (JVM running for 3.334)
2021-03-29 01:37:12,281 INFO  - Initializing Spring DispatcherServlet 'dispatcherServlet'
2021-03-29 01:37:12,282 INFO  - Initializing Servlet 'dispatcherServlet'
2021-03-29 01:37:12,283 INFO  - Completed initialization in 1 ms
2021-03-29 01:37:12,939 INFO  - <CONTROLLER LOGS>: getAllUsers Was Invoked From http://localhost:4200/ With User ID suErW6SwpROJaj0yoF1XloKbVM02
2021-03-29 01:38:03,619 INFO  - <CONTROLLER LOGS>: getUserByUID Was Invoked From http://localhost:4200/ With User ID suErW6SwpROJaj0yoF1XloKbVM02
2021-03-29 01:38:03,652 INFO  - <CONTROLLER LOGS>: getUserLogs Was Invoked From http://localhost:4200/ With User ID suErW6SwpROJaj0yoF1XloKbVM02
2021-03-29 01:38:03,656 ERROR - Servlet.service() for servlet [dispatcherServlet] in context with path [] threw exception [Request processing failed; nested exception is java.lang.IndexOutOfBoundsException: fromIndex = -3] with root cause
java.lang.IndexOutOfBoundsException: fromIndex = -3
	at java.base/java.util.AbstractList.subListRangeCheck(AbstractList.java:505)
	at java.base/java.util.ArrayList.subList(ArrayList.java:1108)
	at com.dogeadmin.backend.controller.UserController.getUserLogs(UserController.java:160)
	at com.dogeadmin.backend.controller.UserController$$FastClassBySpringCGLIB$$ef4be50a.invoke(<generated>)
	at org.springframework.cglib.proxy.MethodProxy.invoke(MethodProxy.java:218)
	at org.springframework.aop.framework.CglibAopProxy$CglibMethodInvocation.invokeJoinpoint(CglibAopProxy.java:771)
	at org.springframework.aop.framework.ReflectiveMethodInvocation.proceed(ReflectiveMethodInvocation.java:163)
	at org.springframework.aop.framework.CglibAopProxy$CglibMethodInvocation.proceed(CglibAopProxy.java:749)
	at org.springframework.aop.aspectj.AspectJAfterAdvice.invoke(AspectJAfterAdvice.java:49)
	at org.springframework.aop.framework.ReflectiveMethodInvocation.proceed(ReflectiveMethodInvocation.java:186)
	at org.springframework.aop.framework.CglibAopProxy$CglibMethodInvocation.proceed(CglibAopProxy.java:749)
	at org.springframework.security.access.intercept.aopalliance.MethodSecurityInterceptor.invoke(MethodSecurityInterceptor.java:61)
	at org.springframework.aop.framework.ReflectiveMethodInvocation.proceed(ReflectiveMethodInvocation.java:186)
	at org.springframework.aop.framework.CglibAopProxy$CglibMethodInvocation.proceed(CglibAopProxy.java:749)
	at org.springframework.aop.interceptor.ExposeInvocationInterceptor.invoke(ExposeInvocationInterceptor.java:97)
	at org.springframework.aop.framework.ReflectiveMethodInvocation.proceed(ReflectiveMethodInvocation.java:186)
	at org.springframework.aop.framework.CglibAopProxy$CglibMethodInvocation.proceed(CglibAopProxy.java:749)
	at org.springframework.aop.framework.CglibAopProxy$DynamicAdvisedInterceptor.intercept(CglibAopProxy.java:691)
	at com.dogeadmin.backend.controller.UserController$$EnhancerBySpringCGLIB$$9152507c.getUserLogs(<generated>)
	at java.base/jdk.internal.reflect.NativeMethodAccessorImpl.invoke0(Native Method)
	at java.base/jdk.internal.reflect.NativeMethodAccessorImpl.invoke(NativeMethodAccessorImpl.java:64)
	at java.base/jdk.internal.reflect.DelegatingMethodAccessorImpl.invoke(DelegatingMethodAccessorImpl.java:43)
	at java.base/java.lang.reflect.Method.invoke(Method.java:564)
	at org.springframework.web.method.support.InvocableHandlerMethod.doInvoke(InvocableHandlerMethod.java:197)
	at org.springframework.web.method.support.InvocableHandlerMethod.invokeForRequest(InvocableHandlerMethod.java:141)
	at org.springframework.web.servlet.mvc.method.annotation.ServletInvocableHandlerMethod.invokeAndHandle(ServletInvocableHandlerMethod.java:106)
	at org.springframework.web.servlet.mvc.method.annotation.RequestMappingHandlerAdapter.invokeHandlerMethod(RequestMappingHandlerAdapter.java:894)
	at org.springframework.web.servlet.mvc.method.annotation.RequestMappingHandlerAdapter.handleInternal(RequestMappingHandlerAdapter.java:808)
	at org.springframework.web.servlet.mvc.method.AbstractHandlerMethodAdapter.handle(AbstractHandlerMethodAdapter.java:87)
	at org.springframework.web.servlet.DispatcherServlet.doDispatch(DispatcherServlet.java:1061)
	at org.springframework.web.servlet.DispatcherServlet.doService(DispatcherServlet.java:961)
	at org.springframework.web.servlet.FrameworkServlet.processRequest(FrameworkServlet.java:1006)
	at org.springframework.web.servlet.FrameworkServlet.doPost(FrameworkServlet.java:909)
	at javax.servlet.http.HttpServlet.service(HttpServlet.java:652)
	at org.springframework.web.servlet.FrameworkServlet.service(FrameworkServlet.java:883)
	at javax.servlet.http.HttpServlet.service(HttpServlet.java:733)
	at org.apache.catalina.core.ApplicationFilterChain.internalDoFilter(ApplicationFilterChain.java:231)
	at org.apache.catalina.core.ApplicationFilterChain.doFilter(ApplicationFilterChain.java:166)
	at org.apache.tomcat.websocket.server.WsFilter.doFilter(WsFilter.java:53)
	at org.apache.catalina.core.ApplicationFilterChain.internalDoFilter(ApplicationFilterChain.java:193)
	at org.apache.catalina.core.ApplicationFilterChain.doFilter(ApplicationFilterChain.java:166)
	at org.springframework.security.web.FilterChainProxy$VirtualFilterChain.doFilter(FilterChainProxy.java:327)
	at org.springframework.security.web.access.intercept.FilterSecurityInterceptor.invoke(FilterSecurityInterceptor.java:115)
	at org.springframework.security.web.access.intercept.FilterSecurityInterceptor.doFilter(FilterSecurityInterceptor.java:81)
	at org.springframework.security.web.FilterChainProxy$VirtualFilterChain.doFilter(FilterChainProxy.java:336)
	at org.springframework.security.web.access.ExceptionTranslationFilter.doFilter(ExceptionTranslationFilter.java:119)
	at org.springframework.security.web.access.ExceptionTranslationFilter.doFilter(ExceptionTranslationFilter.java:113)
	at org.springframework.security.web.FilterChainProxy$VirtualFilterChain.doFilter(FilterChainProxy.java:336)
	at org.springframework.security.web.session.SessionManagementFilter.doFilter(SessionManagementFilter.java:126)
	at org.springframework.security.web.session.SessionManagementFilter.doFilter(SessionManagementFilter.java:81)
	at org.springframework.security.web.FilterChainProxy$VirtualFilterChain.doFilter(FilterChainProxy.java:336)
	at org.springframework.security.web.authentication.AnonymousAuthenticationFilter.doFilter(AnonymousAuthenticationFilter.java:105)
	at org.springframework.security.web.FilterChainProxy$VirtualFilterChain.doFilter(FilterChainProxy.java:336)
	at org.springframework.security.web.servletapi.SecurityContextHolderAwareRequestFilter.doFilter(SecurityContextHolderAwareRequestFilter.java:149)
	at org.springframework.security.web.FilterChainProxy$VirtualFilterChain.doFilter(FilterChainProxy.java:336)
	at org.springframework.security.web.savedrequest.RequestCacheAwareFilter.doFilter(RequestCacheAwareFilter.java:63)
	at org.springframework.security.web.FilterChainProxy$VirtualFilterChain.doFilter(FilterChainProxy.java:336)
	at org.springframework.security.oauth2.server.resource.web.BearerTokenAuthenticationFilter.doFilterInternal(BearerTokenAuthenticationFilter.java:129)
	at org.springframework.web.filter.OncePerRequestFilter.doFilter(OncePerRequestFilter.java:119)
	at org.springframework.security.web.FilterChainProxy$VirtualFilterChain.doFilter(FilterChainProxy.java:336)
	at org.springframework.security.web.authentication.logout.LogoutFilter.doFilter(LogoutFilter.java:103)
	at org.springframework.security.web.authentication.logout.LogoutFilter.doFilter(LogoutFilter.java:89)
	at org.springframework.security.web.FilterChainProxy$VirtualFilterChain.doFilter(FilterChainProxy.java:336)
	at org.springframework.web.filter.CorsFilter.doFilterInternal(CorsFilter.java:91)
	at org.springframework.web.filter.OncePerRequestFilter.doFilter(OncePerRequestFilter.java:119)
	at org.springframework.security.web.FilterChainProxy$VirtualFilterChain.doFilter(FilterChainProxy.java:336)
	at org.springframework.security.web.header.HeaderWriterFilter.doHeadersAfter(HeaderWriterFilter.java:90)
	at org.springframework.security.web.header.HeaderWriterFilter.doFilterInternal(HeaderWriterFilter.java:75)
	at org.springframework.web.filter.OncePerRequestFilter.doFilter(OncePerRequestFilter.java:119)
	at org.springframework.security.web.FilterChainProxy$VirtualFilterChain.doFilter(FilterChainProxy.java:336)
	at org.springframework.security.web.context.SecurityContextPersistenceFilter.doFilter(SecurityContextPersistenceFilter.java:110)
	at org.springframework.security.web.context.SecurityContextPersistenceFilter.doFilter(SecurityContextPersistenceFilter.java:80)
	at org.springframework.security.web.FilterChainProxy$VirtualFilterChain.doFilter(FilterChainProxy.java:336)
	at org.springframework.security.web.context.request.async.WebAsyncManagerIntegrationFilter.doFilterInternal(WebAsyncManagerIntegrationFilter.java:55)
	at org.springframework.web.filter.OncePerRequestFilter.doFilter(OncePerRequestFilter.java:119)
	at org.springframework.security.web.FilterChainProxy$VirtualFilterChain.doFilter(FilterChainProxy.java:336)
	at org.springframework.security.web.FilterChainProxy.doFilterInternal(FilterChainProxy.java:211)
	at org.springframework.security.web.FilterChainProxy.doFilter(FilterChainProxy.java:183)
	at org.springframework.web.filter.DelegatingFilterProxy.invokeDelegate(DelegatingFilterProxy.java:358)
	at org.springframework.web.filter.DelegatingFilterProxy.doFilter(DelegatingFilterProxy.java:271)
	at org.apache.catalina.core.ApplicationFilterChain.internalDoFilter(ApplicationFilterChain.java:193)
	at org.apache.catalina.core.ApplicationFilterChain.doFilter(ApplicationFilterChain.java:166)
	at org.springframework.web.filter.RequestContextFilter.doFilterInternal(RequestContextFilter.java:100)
	at org.springframework.web.filter.OncePerRequestFilter.doFilter(OncePerRequestFilter.java:119)
	at org.apache.catalina.core.ApplicationFilterChain.internalDoFilter(ApplicationFilterChain.java:193)
	at org.apache.catalina.core.ApplicationFilterChain.doFilter(ApplicationFilterChain.java:166)
	at org.springframework.web.filter.FormContentFilter.doFilterInternal(FormContentFilter.java:93)
	at org.springframework.web.filter.OncePerRequestFilter.doFilter(OncePerRequestFilter.java:119)
	at org.apache.catalina.core.ApplicationFilterChain.internalDoFilter(ApplicationFilterChain.java:193)
	at org.apache.catalina.core.ApplicationFilterChain.doFilter(ApplicationFilterChain.java:166)
	at org.springframework.boot.actuate.metrics.web.servlet.WebMvcMetricsFilter.doFilterInternal(WebMvcMetricsFilter.java:93)
	at org.springframework.web.filter.OncePerRequestFilter.doFilter(OncePerRequestFilter.java:119)
	at org.apache.catalina.core.ApplicationFilterChain.internalDoFilter(ApplicationFilterChain.java:193)
	at org.apache.catalina.core.ApplicationFilterChain.doFilter(ApplicationFilterChain.java:166)
	at org.springframework.web.filter.CharacterEncodingFilter.doFilterInternal(CharacterEncodingFilter.java:201)
	at org.springframework.web.filter.OncePerRequestFilter.doFilter(OncePerRequestFilter.java:119)
	at org.apache.catalina.core.ApplicationFilterChain.internalDoFilter(ApplicationFilterChain.java:193)
	at org.apache.catalina.core.ApplicationFilterChain.doFilter(ApplicationFilterChain.java:166)
	at org.apache.catalina.core.StandardWrapperValve.invoke(StandardWrapperValve.java:202)
	at org.apache.catalina.core.StandardContextValve.invoke(StandardContextValve.java:97)
	at org.apache.catalina.authenticator.AuthenticatorBase.invoke(AuthenticatorBase.java:542)
	at org.apache.catalina.core.StandardHostValve.invoke(StandardHostValve.java:143)
	at org.apache.catalina.valves.ErrorReportValve.invoke(ErrorReportValve.java:92)
	at org.apache.catalina.core.StandardEngineValve.invoke(StandardEngineValve.java:78)
	at org.apache.catalina.connector.CoyoteAdapter.service(CoyoteAdapter.java:343)
	at org.apache.coyote.http11.Http11Processor.service(Http11Processor.java:374)
	at org.apache.coyote.AbstractProcessorLight.process(AbstractProcessorLight.java:65)
	at org.apache.coyote.AbstractProtocol$ConnectionHandler.process(AbstractProtocol.java:888)
	at org.apache.tomcat.util.net.NioEndpoint$SocketProcessor.doRun(NioEndpoint.java:1597)
	at org.apache.tomcat.util.net.SocketProcessorBase.run(SocketProcessorBase.java:49)
	at java.base/java.util.concurrent.ThreadPoolExecutor.runWorker(ThreadPoolExecutor.java:1130)
	at java.base/java.util.concurrent.ThreadPoolExecutor$Worker.run(ThreadPoolExecutor.java:630)
	at org.apache.tomcat.util.threads.TaskThread$WrappingRunnable.run(TaskThread.java:61)
	at java.base/java.lang.Thread.run(Thread.java:832)
2021-03-29 01:38:27,009 INFO  - <CONTROLLER LOGS>: getAllUsers Was Invoked From http://localhost:4200/ With User ID suErW6SwpROJaj0yoF1XloKbVM02
2021-03-29 09:50:04,279 INFO  - Starting BackendApplication using Java 15.0.1 on DESKTOP-OUG9LID with PID 26036 (C:\Users\Justin\personal-workspace\DogeAdmin\backend\backend\target\classes started by Justin in C:\Users\Justin\personal-workspace\DogeAdmin\backend\backend)
2021-03-29 09:50:04,281 INFO  - No active profile set, falling back to default profiles: default
2021-03-29 09:50:05,143 INFO  - Bean 'org.springframework.security.access.expression.method.DefaultMethodSecurityExpressionHandler@1292071f' of type [org.springframework.security.access.expression.method.DefaultMethodSecurityExpressionHandler] is not eligible for getting processed by all BeanPostProcessors (for example: not eligible for auto-proxying)
2021-03-29 09:50:05,151 INFO  - Bean 'methodSecurityMetadataSource' of type [org.springframework.security.access.method.DelegatingMethodSecurityMetadataSource] is not eligible for getting processed by all BeanPostProcessors (for example: not eligible for auto-proxying)
2021-03-29 09:50:05,393 INFO  - Tomcat initialized with port(s): 8443 (https)
2021-03-29 09:50:05,401 INFO  - Initializing ProtocolHandler ["https-jsse-nio-8443"]
2021-03-29 09:50:05,402 INFO  - Starting service [Tomcat]
2021-03-29 09:50:05,402 INFO  - Starting Servlet engine: [Apache Tomcat/9.0.41]
2021-03-29 09:50:05,500 INFO  - Initializing Spring embedded WebApplicationContext
2021-03-29 09:50:05,501 INFO  - Root WebApplicationContext: initialization completed in 1184 ms
2021-03-29 09:50:05,712 INFO  - Initializing Firebase App...
2021-03-29 09:50:05,908 INFO  - Initializing ExecutorService 'applicationTaskExecutor'
2021-03-29 09:50:06,698 INFO  - Will secure any request with [org.springframework.security.web.context.request.async.WebAsyncManagerIntegrationFilter@38dbeb39, org.springframework.security.web.context.SecurityContextPersistenceFilter@359e27d2, org.springframework.security.web.header.HeaderWriterFilter@dd20ebc, org.springframework.web.filter.CorsFilter@10f20d38, org.springframework.security.web.authentication.logout.LogoutFilter@55d1f065, org.springframework.security.oauth2.server.resource.web.BearerTokenAuthenticationFilter@4f3fec43, org.springframework.security.web.savedrequest.RequestCacheAwareFilter@214fba74, org.springframework.security.web.servletapi.SecurityContextHolderAwareRequestFilter@29b8df5, org.springframework.security.web.authentication.AnonymousAuthenticationFilter@538aa83f, org.springframework.security.web.session.SessionManagementFilter@4809c771, org.springframework.security.web.access.ExceptionTranslationFilter@3de8f85c, org.springframework.security.web.access.intercept.FilterSecurityInterceptor@6141647f]
2021-03-29 09:50:06,716 INFO  - Exposing 13 endpoint(s) beneath base path '/actuator'
2021-03-29 09:50:06,740 INFO  - Starting ProtocolHandler ["https-jsse-nio-8443"]
2021-03-29 09:50:07,009 INFO  - Tomcat started on port(s): 8443 (https) with context path ''
2021-03-29 09:50:07,018 INFO  - Started BackendApplication in 3.058 seconds (JVM running for 3.359)
2021-03-29 09:51:16,380 INFO  - Initializing Spring DispatcherServlet 'dispatcherServlet'
2021-03-29 09:51:16,380 INFO  - Initializing Servlet 'dispatcherServlet'
2021-03-29 09:51:16,381 INFO  - Completed initialization in 1 ms
2021-03-29 09:51:17,173 INFO  - <CONTROLLER LOGS>: getAllUsers Was Invoked From http://localhost:4200/ With User ID suErW6SwpROJaj0yoF1XloKbVM02
2021-03-29 09:51:44,979 INFO  - <CONTROLLER LOGS>: getUserByUID Was Invoked From http://localhost:4200/ With User ID suErW6SwpROJaj0yoF1XloKbVM02
2021-03-29 09:51:45,010 INFO  - <CONTROLLER LOGS>: getUserLogs Was Invoked From http://localhost:4200/ With User ID suErW6SwpROJaj0yoF1XloKbVM02
2021-03-29 09:51:50,853 INFO  - <CONTROLLER LOGS>: getAllUsers Was Invoked From http://localhost:4200/ With User ID suErW6SwpROJaj0yoF1XloKbVM02
2021-03-29 09:53:15,170 INFO  - <CONTROLLER LOGS>: getAllUsers Was Invoked From http://localhost:4200/ With User ID suErW6SwpROJaj0yoF1XloKbVM02
